#
# There is insufficient memory for the Java Runtime Environment to continue.
# Native memory allocation (mmap) failed to map 467664896 bytes for Failed to commit area from 0x0000000643e00000 to 0x000000065fc00000 of length 467664896.
# Possible reasons:
#   The system is out of physical RAM or swap space
#   The process is running with CompressedOops enabled, and the Java Heap may be blocking the growth of the native heap
# Possible solutions:
#   Reduce memory load on the system
#   Increase physical memory or swap space
#   Check if swap backing store is full
#   Decrease Java heap size (-Xmx/-Xms)
#   Decrease number of Java threads
#   Decrease Java thread stack sizes (-Xss)
#   Set larger code cache with -XX:ReservedCodeCacheSize=
# This output file may be truncated or incomplete.
#
#  Out of Memory Error (os_windows.cpp:3391), pid=34056, tid=45364
#
# JRE version:  (11.0.30+7) (build )
# Java VM: OpenJDK 64-Bit Server VM (11.0.30+7, mixed mode, sharing, tiered, compressed oops, g1 gc, windows-amd64)
# No core dump will be written. Minidumps are not enabled by default on client versions of Windows
#

---------------  S U M M A R Y ------------

Command Line: -Xverify:none -XX:TieredStopAtLevel=1 com.anxin.travel.TravelApplication

Host: AMD Ryzen 7 8845H w/ Radeon 780M Graphics, 16 cores, 27G,  Windows 11 , 64 bit Build 26100 (10.0.26100.7705)
Time: Wed Mar 11 11:12:51 2026  Windows 11 , 64 bit Build 26100 (10.0.26100.7705) elapsed time: 1.126686 seconds (0d 0h 0m 1s)

---------------  T H R E A D  ---------------

Current thread (0x00000257fbb8a800):  JavaThread "Unknown thread" [_thread_in_vm, id=45364, stack(0x0000007ad5800000,0x0000007ad5900000)]

Stack: [0x0000007ad5800000,0x0000007ad5900000]
Native frames: (J=compiled Java code, j=interpreted, Vv=VM code, C=native code)
V  [jvm.dll+0x6449fa]
V  [jvm.dll+0x7d6909]
V  [jvm.dll+0x7d7fe9]
V  [jvm.dll+0x7d86e3]
V  [jvm.dll+0x269105]
V  [jvm.dll+0x641c19]
V  [jvm.dll+0x6364b5]
V  [jvm.dll+0x32559d]
V  [jvm.dll+0x325402]
V  [jvm.dll+0x32a026]
V  [jvm.dll+0x371080]
V  [jvm.dll+0x370af2]
V  [jvm.dll+0x3004c8]
V  [jvm.dll+0x3015c5]
V  [jvm.dll+0x7b0807]
V  [jvm.dll+0x7b1f8f]
V  [jvm.dll+0x37e379]
V  [jvm.dll+0x79242f]
V  [jvm.dll+0x3eec37]
V  [jvm.dll+0x3f1131]
C  [jli.dll+0x52c0]
C  [ucrtbase.dll+0x37b0]
C  [KERNEL32.DLL+0x2e8d7]
C  [ntdll.dll+0x8c40c]


---------------  P R O C E S S  ---------------

Threads class SMR info:
_java_thread_list=0x00000257f999da70, length=0, elements={
}

Java Threads: ( => current thread )

Other Threads:
  0x00000257fbba1000 GCTaskThread "GC Thread#0" [stack: 0x0000007ad5900000,0x0000007ad5a00000] [id=28280]
  0x00000257fbc3f000 ConcurrentGCThread "G1 Main Marker" [stack: 0x0000007ad5a00000,0x0000007ad5b00000] [id=37748]
  0x00000257fbc41000 ConcurrentGCThread "G1 Conc#0" [stack: 0x0000007ad5b00000,0x0000007ad5c00000] [id=30700]

[error occurred during error reporting (printing all threads), id 0xc0000005, EXCEPTION_ACCESS_VIOLATION (0xc0000005) at pc=0x00007fff73751327]

VM state:not at safepoint (not fully initialized)

VM Mutex/Monitor currently owned by a thread:  ([mutex/lock_event])
[0x00000257fbb892d0] Heap_lock - owner thread: 0x00000257fbb8a800

Heap address: 0x0000000643e00000, size: 7106 MB, Compressed Oops mode: Non-zero based: 0x0000000643e00000
Narrow klass base: 0x0000000000000000, Narrow klass shift: 0

GC Heap History (0 events):
No events

Deoptimization events (0 events):
No events

Classes redefined (0 events):
No events

Internal exceptions (0 events):
No events

Events (1 events):
Event: 0.010 Loaded shared library D:\Java\jdk-11\bin\zip.dll


Dynamic libraries:
0x00007ff65d030000 - 0x00007ff65d03e000 	D:\Java\jdk-11\bin\java.exe
0x00007ff862580000 - 0x00007ff8627e8000 	C:\WINDOWS\SYSTEM32\ntdll.dll
0x00007ff8614d0000 - 0x00007ff861599000 	C:\WINDOWS\System32\KERNEL32.DLL
0x00007ff85ee60000 - 0x00007ff85f251000 	C:\WINDOWS\System32\KERNELBASE.dll
0x00007ff85f3d0000 - 0x00007ff85f51b000 	C:\WINDOWS\System32\ucrtbase.dll
0x00007ff85a000000 - 0x00007ff85a017000 	D:\Java\jdk-11\bin\jli.dll
0x00007ff84e0c0000 - 0x00007ff84e0de000 	D:\Java\jdk-11\bin\VCRUNTIME140.dll
0x00007ff860810000 - 0x00007ff8609d6000 	C:\WINDOWS\System32\USER32.dll
0x00007ff85f260000 - 0x00007ff85f287000 	C:\WINDOWS\System32\win32u.dll
0x00007ff840300000 - 0x00007ff840593000 	C:\WINDOWS\WinSxS\amd64_microsoft.windows.common-controls_6595b64144ccf1df_6.0.26100.7824_none_3e0870b2e3345462\COMCTL32.dll
0x00007ff861610000 - 0x00007ff86163b000 	C:\WINDOWS\System32\GDI32.dll
0x00007ff862490000 - 0x00007ff862539000 	C:\WINDOWS\System32\msvcrt.dll
0x00007ff85f690000 - 0x00007ff85f7bb000 	C:\WINDOWS\System32\gdi32full.dll
0x00007ff85f520000 - 0x00007ff85f5c3000 	C:\WINDOWS\System32\msvcp_win.dll
0x00007ff860440000 - 0x00007ff860471000 	C:\WINDOWS\System32\IMM32.DLL
0x00007ff84e0b0000 - 0x00007ff84e0bc000 	D:\Java\jdk-11\bin\vcruntime140_1.dll
0x00007ff84c4d0000 - 0x00007ff84c55d000 	D:\Java\jdk-11\bin\msvcp140.dll
0x00007fff73440000 - 0x00007fff74002000 	D:\Java\jdk-11\bin\server\jvm.dll
0x00007ff8617d0000 - 0x00007ff861884000 	C:\WINDOWS\System32\ADVAPI32.dll
0x00007ff861130000 - 0x00007ff8611d6000 	C:\WINDOWS\System32\sechost.dll
0x00007ff861010000 - 0x00007ff861128000 	C:\WINDOWS\System32\RPCRT4.dll
0x00007ff861cb0000 - 0x00007ff861d24000 	C:\WINDOWS\System32\WS2_32.dll
0x00007ff860320000 - 0x00007ff860328000 	C:\WINDOWS\System32\PSAPI.DLL
0x00007ff853160000 - 0x00007ff853195000 	C:\WINDOWS\SYSTEM32\WINMM.dll
0x00007ff857b20000 - 0x00007ff857b2b000 	C:\WINDOWS\SYSTEM32\VERSION.dll
0x00007ff85dd20000 - 0x00007ff85dd3b000 	C:\WINDOWS\SYSTEM32\kernel.appcore.dll
0x00007ff84e060000 - 0x00007ff84e070000 	D:\Java\jdk-11\bin\verify.dll
0x00007ff85ced0000 - 0x00007ff85d112000 	C:\WINDOWS\SYSTEM32\DBGHELP.DLL
0x00007ff860480000 - 0x00007ff860806000 	C:\WINDOWS\System32\combase.dll
0x00007ff8611e0000 - 0x00007ff8612b7000 	C:\WINDOWS\System32\OLEAUT32.dll
0x00007ff849d20000 - 0x00007ff849d5b000 	C:\WINDOWS\SYSTEM32\dbgcore.DLL
0x00007ff85f290000 - 0x00007ff85f335000 	C:\WINDOWS\System32\bcryptPrimitives.dll
0x00007ff84d700000 - 0x00007ff84d728000 	D:\Java\jdk-11\bin\java.dll
0x00007ff84e050000 - 0x00007ff84e05a000 	D:\Java\jdk-11\bin\jimage.dll
0x00007ff84df20000 - 0x00007ff84df38000 	D:\Java\jdk-11\bin\zip.dll

dbghelp: loaded successfully - version: 4.0.5 - missing functions: none
symbol engine: initialized successfully - sym options: 0x614 - pdb path: .;D:\Java\jdk-11\bin;C:\WINDOWS\SYSTEM32;C:\WINDOWS\WinSxS\amd64_microsoft.windows.common-controls_6595b64144ccf1df_6.0.26100.7824_none_3e0870b2e3345462;D:\Java\jdk-11\bin\server

VM Arguments:
jvm_args: -Xverify:none -XX:TieredStopAtLevel=1 
java_command: com.anxin.travel.TravelApplication
java_class_path (initial): D:\callcar_text\idea-project\travel\target\classes;C:\Users\13686\.m2\repository\org\springframework\boot\spring-boot\2.7.14\spring-boot-2.7.14.jar;C:\Users\13686\.m2\repository\ch\qos\logback\logback-classic\1.2.12\logback-classic-1.2.12.jar;C:\Users\13686\.m2\repository\ch\qos\logback\logback-core\1.2.12\logback-core-1.2.12.jar;C:\Users\13686\.m2\repository\org\apache\logging\log4j\log4j-to-slf4j\2.17.2\log4j-to-slf4j-2.17.2.jar;C:\Users\13686\.m2\repository\org\apache\logging\log4j\log4j-api\2.17.2\log4j-api-2.17.2.jar;C:\Users\13686\.m2\repository\org\slf4j\jul-to-slf4j\1.7.36\jul-to-slf4j-1.7.36.jar;C:\Users\13686\.m2\repository\jakarta\annotation\jakarta.annotation-api\1.3.5\jakarta.annotation-api-1.3.5.jar;C:\Users\13686\.m2\repository\org\springframework\spring-core\5.3.29\spring-core-5.3.29.jar;C:\Users\13686\.m2\repository\org\springframework\spring-jcl\5.3.29\spring-jcl-5.3.29.jar;C:\Users\13686\.m2\repository\org\yaml\snakeyaml\1.30\snakeyaml-1.30.jar;C:\Users\13686\.m2\repository\com\fasterxml\jackson\datatype\jackson-datatype-jdk8\2.13.5\jackson-datatype-jdk8-2.13.5.jar;C:\Users\13686\.m2\repository\com\fasterxml\jackson\datatype\jackson-datatype-jsr310\2.13.5\jackson-datatype-jsr310-2.13.5.jar;C:\Users\13686\.m2\repository\com\fasterxml\jackson\module\jackson-module-parameter-names\2.13.5\jackson-module-parameter-names-2.13.5.jar;C:\Users\13686\.m2\repository\org\apache\tomcat\embed\tomcat-embed-core\9.0.78\tomcat-embed-core-9.0.78.jar;C:\Users\13686\.m2\repository\org\apache\tomcat\embed\tomcat-embed-el\9.0.78\tomcat-embed-el-9.0.78.jar;C:\Users\13686\.m2\repository\org\apache\tomcat\embed\tomcat-embed-websocket\9.0.78\tomcat-embed-websocket-9.0.78.jar;C:\Users\13686\.m2\repository\org\springframework\spring-web\5.3.29\spring-web-5.3.29.jar;C:\Users\13686\.m2\repository\org\springframework\spring-beans\5.3.29\spring-beans-5.3.29.jar;C:\Users\13686\.m2\repository\org\springframework\spring-webmvc\5.3.29\spring-webmvc-5.3.2
Launcher Type: SUN_STANDARD

[Global flags]
     bool BytecodeVerificationLocal                = false                                     {product} {command line}
     bool BytecodeVerificationRemote               = false                                     {product} {command line}
     intx CICompilerCount                          = 12                                        {product} {ergonomic}
     uint ConcGCThreads                            = 3                                         {product} {ergonomic}
     uint G1ConcRefinementThreads                  = 13                                        {product} {ergonomic}
   size_t G1HeapRegionSize                         = 1048576                                   {product} {ergonomic}
    uintx GCDrainStackTargetSize                   = 64                                        {product} {ergonomic}
   size_t InitialHeapSize                          = 467664896                                 {product} {ergonomic}
   size_t MarkStackSize                            = 4194304                                   {product} {ergonomic}
   size_t MaxHeapSize                              = 7451181056                                {product} {ergonomic}
   size_t MinHeapDeltaBytes                        = 1048576                                   {product} {ergonomic}
    uintx NonNMethodCodeHeapSize                   = 12163472                               {pd product} {ergonomic}
    uintx NonProfiledCodeHeapSize                  = 239494768                              {pd product} {ergonomic}
    uintx ProfiledCodeHeapSize                     = 0                                      {pd product} {ergonomic}
    uintx ReservedCodeCacheSize                    = 251658240                              {pd product} {ergonomic}
     bool SegmentedCodeCache                       = true                                      {product} {ergonomic}
     intx TieredStopAtLevel                        = 1                                         {product} {command line}
     bool UseCompressedClassPointers               = true                                 {lp64_product} {ergonomic}
     bool UseCompressedOops                        = true                                 {lp64_product} {ergonomic}
     bool UseG1GC                                  = true                                      {product} {ergonomic}
     bool UseLargePagesIndividualAllocation        = false                                  {pd product} {ergonomic}

Logging:
Log output configuration:
 #0: stdout all=warning uptime,level,tags
 #1: stderr all=off uptime,level,tags

Environment Variables:
JAVA_HOME=D:\Java\jdk-11
PATH=D:\Tools\apache-maven-3.9.12\bin;%JAVA_HOME%\bin;D:\Java\jdk-11\bin;D:\mysql_new\mysql-server8.0.28\bin;D:\python\Scripts\;D:\python\;C:\WINDOWS\system32;C:\WINDOWS;C:\WINDOWS\System32\Wbem;C:\WINDOWS\System32\WindowsPowerShell\v1.0\;C:\WINDOWS\System32\OpenSSH\;C:\Program Files\dotnet\;C:\Program Files (x86)\pcsuite\;D:\node.js;D:\node.js\node_global\node_modules;D:\github脣璃\Git\cmd;D:\nvm\nvm;D:\nvm\nodejs;D:\Windows Kits\10\Windows Performance Toolkit\;D:\cursor\cursor\resources\app\bin;D:\Redis\;D:\python\python3.12.10\Scripts\;D:\python\python3.12.10\;D:\pycharm2023.0208\PyCharm 2023.2.8\bin;;D:\Microsoft VS Code\bin;D:\IDEA\IntelliJ IDEA Community Edition 2023.3.8\bin;
USERNAME=13686
OS=Windows_NT
PROCESSOR_IDENTIFIER=AMD64 Family 25 Model 117 Stepping 2, AuthenticAMD
TMP=C:\Users\13686\AppData\Local\Temp
TEMP=C:\Users\13686\AppData\Local\Temp



---------------  S Y S T E M  ---------------

OS: Windows 11 , 64 bit Build 26100 (10.0.26100.7705)
OS uptime: 1 days 14:20 hours

CPU:total 16 (initial active 16) (16 cores per cpu, 2 threads per core) family 25 model 117 stepping 2 microcode 0xa705205, cmov, cx8, fxsr, mmx, sse, sse2, sse3, ssse3, sse4.1, sse4.2, popcnt, avx, avx2, aes, clmul, erms, mmxext, 3dnowpref, lzcnt, sse4a, ht, tsc, tscinvbit, tscinv, bmi1, bmi2, adx, evex, sha, fma

Memory: 4k page, system-wide physical 28416M (12380M free)
TotalPageFile size 28416M (AvailPageFile size 261M)
current process WorkingSet (physical memory assigned to process): 12M, peak: 12M
current process commit charge ("private bytes"): 70M, peak: 516M

vm_info: OpenJDK 64-Bit Server VM (11.0.30+7) for windows-amd64 JRE (11.0.30+7), built on Jan 21 2026 06:15:59 by "" with MS VC++ 17.7 (VS2022)

END.
