#
# There is insufficient memory for the Java Runtime Environment to continue.
# Native memory allocation (malloc) failed to allocate 1168336 bytes for Chunk::new
# Possible reasons:
#   The system is out of physical RAM or swap space
#   The process is running with CompressedOops enabled, and the Java Heap may be blocking the growth of the native heap
# Possible solutions:
#   Reduce memory load on the system
#   Increase physical memory or swap space
#   Check if swap backing store is full
#   Decrease Java heap size (-Xmx/-Xms)
#   Decrease number of Java threads
#   Decrease Java thread stack sizes (-Xss)
#   Set larger code cache with -XX:ReservedCodeCacheSize=
#   JVM is running with Zero Based Compressed Oops mode in which the Java heap is
#     placed in the first 32GB address space. The Java Heap base address is the
#     maximum limit for the native heap growth. Please use -XX:HeapBaseMinAddress
#     to set the Java Heap base and to place the Java Heap above 32GB virtual address.
# This output file may be truncated or incomplete.
#
#  Out of Memory Error (arena.cpp:197), pid=34000, tid=33876
#
# JRE version: OpenJDK Runtime Environment Temurin-11.0.30+7 (11.0.30+7) (build 11.0.30+7)
# Java VM: OpenJDK 64-Bit Server VM Temurin-11.0.30+7 (11.0.30+7, mixed mode, tiered, compressed oops, g1 gc, windows-amd64)
# No core dump will be written. Minidumps are not enabled by default on client versions of Windows
#

---------------  S U M M A R Y ------------

Command Line: -Dmaven.multiModuleProjectDirectory=D:\callcar_text\idea-project\travel -Djansi.passthrough=true -Dmaven.home=D:\IDEA\IntelliJ IDEA Community Edition 2023.3.8\plugins\maven\lib\maven3 -Dclassworlds.conf=D:\IDEA\IntelliJ IDEA Community Edition 2023.3.8\plugins\maven\lib\maven3\bin\m2.conf -Dmaven.ext.class.path=D:\IDEA\IntelliJ IDEA Community Edition 2023.3.8\plugins\maven\lib\maven-event-listener.jar -javaagent:D:\IDEA\IntelliJ IDEA Community Edition 2023.3.8\lib\idea_rt.jar=59228:D:\IDEA\IntelliJ IDEA Community Edition 2023.3.8\bin -Dfile.encoding=UTF-8 org.codehaus.classworlds.Launcher -Didea.version=2023.3.8 spring-boot:run -Dspring-boot.run.jvmArguments=-Xmx128m -Dspring.datasource.password=0705106042

Host: AMD Ryzen 7 8845H w/ Radeon 780M Graphics, 16 cores, 27G,  Windows 11 , 64 bit Build 26100 (10.0.26100.7920)
Time: Wed Mar 18 09:11:34 2026  Windows 11 , 64 bit Build 26100 (10.0.26100.7920) elapsed time: 5.917849 seconds (0d 0h 0m 5s)

---------------  T H R E A D  ---------------

Current thread (0x00000225febd6800):  JavaThread "C2 CompilerThread0" daemon [_thread_in_native, id=33876, stack(0x000000dc6fd00000,0x000000dc6fe00000)]


Current CompileTask:
C2:   5918 5302 % !   4       java.util.jar.Attributes::read @ 155 (354 bytes)

Stack: [0x000000dc6fd00000,0x000000dc6fe00000]
Native frames: (J=compiled Java code, j=interpreted, Vv=VM code, C=native code)
V  [jvm.dll+0x6449fa]
V  [jvm.dll+0x7d6909]
V  [jvm.dll+0x7d7fe9]
V  [jvm.dll+0x7d86e3]
V  [jvm.dll+0x269105]
V  [jvm.dll+0xc275c]
V  [jvm.dll+0xc2d6c]
V  [jvm.dll+0x37867f]
V  [jvm.dll+0x343185]
V  [jvm.dll+0x34254a]
V  [jvm.dll+0x2212ad]
V  [jvm.dll+0x2202d3]
V  [jvm.dll+0x19e021]
V  [jvm.dll+0x2302b4]
V  [jvm.dll+0x22e6ac]
V  [jvm.dll+0x798531]
V  [jvm.dll+0x791094]
V  [jvm.dll+0x6437c5]
C  [ucrtbase.dll+0x37b0]
C  [KERNEL32.DLL+0x2e8d7]
C  [ntdll.dll+0x8c48c]


---------------  P R O C E S S  ---------------

Threads class SMR info:
_java_thread_list=0x000002259d589680, length=13, elements={
0x00000225efcfc800, 0x00000225feb31000, 0x00000225feb5c800, 0x00000225febcd000,
0x00000225febcf000, 0x00000225febd2800, 0x00000225febd6800, 0x00000225febe9800,
0x00000225febf0800, 0x00000225fed5d800, 0x00000225feae8000, 0x00000225fed6b800,
0x00000225fed5f800
}

Java Threads: ( => current thread )
  0x00000225efcfc800 JavaThread "main" [_thread_in_vm, id=29444, stack(0x000000dc6f100000,0x000000dc6f200000)]
  0x00000225feb31000 JavaThread "Reference Handler" daemon [_thread_blocked, id=952, stack(0x000000dc6f800000,0x000000dc6f900000)]
  0x00000225feb5c800 JavaThread "Finalizer" daemon [_thread_blocked, id=34296, stack(0x000000dc6f900000,0x000000dc6fa00000)]
  0x00000225febcd000 JavaThread "Signal Dispatcher" daemon [_thread_blocked, id=28592, stack(0x000000dc6fa00000,0x000000dc6fb00000)]
  0x00000225febcf000 JavaThread "Attach Listener" daemon [_thread_blocked, id=4776, stack(0x000000dc6fb00000,0x000000dc6fc00000)]
  0x00000225febd2800 JavaThread "Service Thread" daemon [_thread_blocked, id=34628, stack(0x000000dc6fc00000,0x000000dc6fd00000)]
=>0x00000225febd6800 JavaThread "C2 CompilerThread0" daemon [_thread_in_native, id=33876, stack(0x000000dc6fd00000,0x000000dc6fe00000)]
  0x00000225febe9800 JavaThread "C1 CompilerThread0" daemon [_thread_blocked, id=37812, stack(0x000000dc6fe00000,0x000000dc6ff00000)]
  0x00000225febf0800 JavaThread "Sweeper thread" daemon [_thread_blocked, id=16948, stack(0x000000dc6ff00000,0x000000dc70000000)]
  0x00000225fed5d800 JavaThread "Common-Cleaner" daemon [_thread_blocked, id=30704, stack(0x000000dc70000000,0x000000dc70100000)]
  0x00000225feae8000 JavaThread "C1 CompilerThread1" daemon [_thread_blocked, id=33016, stack(0x000000dc70100000,0x000000dc70200000)]
  0x00000225fed6b800 JavaThread "C1 CompilerThread2" daemon [_thread_blocked, id=30172, stack(0x000000dc70200000,0x000000dc70300000)]
  0x00000225fed5f800 JavaThread "Monitor Ctrl-Break" daemon [_thread_in_native, id=27164, stack(0x000000dc70600000,0x000000dc70700000)]

Other Threads:
  0x00000225feb2d800 VMThread "VM Thread" [stack: 0x000000dc6f700000,0x000000dc6f800000] [id=38308]
  0x00000225ff71a800 WatcherThread [stack: 0x000000dc70700000,0x000000dc70800000] [id=19988]
  0x00000225efd18000 GCTaskThread "GC Thread#0" [stack: 0x000000dc6f200000,0x000000dc6f300000] [id=14056]
  0x000002259d327800 GCTaskThread "GC Thread#1" [stack: 0x000000dc70800000,0x000000dc70900000] [id=13024]
  0x000002259d120000 GCTaskThread "GC Thread#2" [stack: 0x000000dc70900000,0x000000dc70a00000] [id=30564]
  0x000002259d120800 GCTaskThread "GC Thread#3" [stack: 0x000000dc70a00000,0x000000dc70b00000] [id=35824]
  0x000002259d12f800 GCTaskThread "GC Thread#4" [stack: 0x000000dc70b00000,0x000000dc70c00000] [id=31740]
  0x000002259d130000 GCTaskThread "GC Thread#5" [stack: 0x000000dc70c00000,0x000000dc70d00000] [id=36396]
  0x00000225ffac0800 GCTaskThread "GC Thread#6" [stack: 0x000000dc70d00000,0x000000dc70e00000] [id=21084]
  0x00000225ffac1000 GCTaskThread "GC Thread#7" [stack: 0x000000dc70e00000,0x000000dc70f00000] [id=24808]
  0x000002259d6d2800 GCTaskThread "GC Thread#8" [stack: 0x000000dc70f00000,0x000000dc71000000] [id=24644]
  0x000002259d6a3800 GCTaskThread "GC Thread#9" [stack: 0x000000dc71000000,0x000000dc71100000] [id=15544]
  0x00000225efdb5800 ConcurrentGCThread "G1 Main Marker" [stack: 0x000000dc6f300000,0x000000dc6f400000] [id=4156]
  0x00000225efdb8800 ConcurrentGCThread "G1 Conc#0" [stack: 0x000000dc6f400000,0x000000dc6f500000] [id=21496]
  0x000002259d760000 ConcurrentGCThread "G1 Conc#1" [stack: 0x000000dc71300000,0x000000dc71400000] [id=35152]
  0x00000225ffd4d800 ConcurrentGCThread "G1 Conc#2" [stack: 0x000000dc71400000,0x000000dc71500000] [id=31368]
  0x00000225efdbc000 ConcurrentGCThread "G1 Refine#0" [stack: 0x000000dc6f500000,0x000000dc6f600000] [id=35252]
  0x000002259d2fd000 ConcurrentGCThread "G1 Refine#1" [stack: 0x000000dc71500000,0x000000dc71600000] [id=30788]
  0x000002259d2fd800 ConcurrentGCThread "G1 Refine#2" [stack: 0x000000dc71600000,0x000000dc71700000] [id=26272]
  0x000002259d2fe800 ConcurrentGCThread "G1 Refine#3" [stack: 0x000000dc71700000,0x000000dc71800000] [id=30272]
  0x000002259f380000 ConcurrentGCThread "G1 Refine#4" [stack: 0x000000dc71800000,0x000000dc71900000] [id=38104]
  0x00000225fdeee000 ConcurrentGCThread "G1 Young RemSet Sampling" [stack: 0x000000dc6f600000,0x000000dc6f700000] [id=35884]

Threads with active compile tasks:
C2 CompilerThread0     5983 5302 % !   4       java.util.jar.Attributes::read @ 155 (354 bytes)

VM state:not at safepoint (normal execution)

VM Mutex/Monitor currently owned by a thread: None

Heap address: 0x0000000643e00000, size: 7106 MB, Compressed Oops mode: Zero based, Oop shift amount: 3
Narrow klass base: 0x0000000800000000, Narrow klass shift: 0
Compressed class space size: 1073741824 Address: 0x0000000800000000

Heap:
 garbage-first heap   total 456704K, used 116531K [0x0000000643e00000, 0x0000000800000000)
  region size 1024K, 57 young (58368K), 10 survivors (10240K)
 Metaspace       used 29451K, capacity 30231K, committed 30384K, reserved 1077248K
  class space    used 3040K, capacity 3299K, committed 3328K, reserved 1048576K
Heap Regions: E=young(eden), S=young(survivor), O=old, HS=humongous(starts), HC=humongous(continues), CS=collection set, F=free, A=archive, TAMS=top-at-mark-start (previous, next)
|   0|0x0000000643e00000, 0x0000000643f00000, 0x0000000643f00000|100%| O|  |TAMS 0x0000000643ee8c00, 0x0000000643e00000| Untracked 
|   1|0x0000000643f00000, 0x0000000644000000, 0x0000000644000000|100%| O|  |TAMS 0x0000000643f00000, 0x0000000643f00000| Untracked 
|   2|0x0000000644000000, 0x0000000644100000, 0x0000000644100000|100%| O|  |TAMS 0x0000000644000000, 0x0000000644000000| Untracked 
|   3|0x0000000644100000, 0x0000000644200000, 0x0000000644200000|100%| O|  |TAMS 0x0000000644100000, 0x0000000644100000| Untracked 
|   4|0x0000000644200000, 0x0000000644300000, 0x0000000644300000|100%| O|  |TAMS 0x0000000644200000, 0x0000000644200000| Untracked 
|   5|0x0000000644300000, 0x0000000644400000, 0x0000000644400000|100%| O|  |TAMS 0x0000000644300000, 0x0000000644300000| Untracked 
|   6|0x0000000644400000, 0x0000000644500000, 0x0000000644500000|100%| O|  |TAMS 0x0000000644400000, 0x0000000644400000| Untracked 
|   7|0x0000000644500000, 0x0000000644600000, 0x0000000644600000|100%| O|  |TAMS 0x0000000644500000, 0x0000000644500000| Untracked 
|   8|0x0000000644600000, 0x0000000644700000, 0x0000000644700000|100%| O|  |TAMS 0x0000000644600000, 0x0000000644600000| Untracked 
|   9|0x0000000644700000, 0x00000006447cce00, 0x0000000644800000| 80%| O|  |TAMS 0x0000000644700000, 0x0000000644700000| Untracked 
|  10|0x0000000644800000, 0x0000000644900000, 0x0000000644900000|100%|HS|  |TAMS 0x0000000644800000, 0x0000000644800000| Complete 
|  11|0x0000000644900000, 0x0000000644a00000, 0x0000000644a00000|100%|HC|  |TAMS 0x0000000644900000, 0x0000000644900000| Complete 
|  12|0x0000000644a00000, 0x0000000644b00000, 0x0000000644b00000|100%|HC|  |TAMS 0x0000000644a00000, 0x0000000644a00000| Complete 
|  13|0x0000000644b00000, 0x0000000644c00000, 0x0000000644c00000|100%|HC|  |TAMS 0x0000000644b00000, 0x0000000644b00000| Complete 
|  14|0x0000000644c00000, 0x0000000644d00000, 0x0000000644d00000|100%|HC|  |TAMS 0x0000000644c00000, 0x0000000644c00000| Complete 
|  15|0x0000000644d00000, 0x0000000644e00000, 0x0000000644e00000|100%|HC|  |TAMS 0x0000000644d00000, 0x0000000644d00000| Complete 
|  16|0x0000000644e00000, 0x0000000644f00000, 0x0000000644f00000|100%|HC|  |TAMS 0x0000000644e00000, 0x0000000644e00000| Complete 
|  17|0x0000000644f00000, 0x0000000645000000, 0x0000000645000000|100%|HC|  |TAMS 0x0000000644f00000, 0x0000000644f00000| Complete 
|  18|0x0000000645000000, 0x0000000645100000, 0x0000000645100000|100%|HS|  |TAMS 0x0000000645000000, 0x0000000645000000| Complete 
|  19|0x0000000645100000, 0x0000000645200000, 0x0000000645200000|100%|HC|  |TAMS 0x0000000645100000, 0x0000000645100000| Complete 
|  20|0x0000000645200000, 0x0000000645300000, 0x0000000645300000|100%|HC|  |TAMS 0x0000000645200000, 0x0000000645200000| Complete 
|  21|0x0000000645300000, 0x0000000645400000, 0x0000000645400000|100%|HC|  |TAMS 0x0000000645300000, 0x0000000645300000| Complete 
|  22|0x0000000645400000, 0x0000000645500000, 0x0000000645500000|100%|HC|  |TAMS 0x0000000645400000, 0x0000000645400000| Complete 
|  23|0x0000000645500000, 0x0000000645600000, 0x0000000645600000|100%|HC|  |TAMS 0x0000000645500000, 0x0000000645500000| Complete 
|  24|0x0000000645600000, 0x0000000645700000, 0x0000000645700000|100%|HC|  |TAMS 0x0000000645600000, 0x0000000645600000| Complete 
|  25|0x0000000645700000, 0x0000000645800000, 0x0000000645800000|100%|HC|  |TAMS 0x0000000645700000, 0x0000000645700000| Complete 
|  26|0x0000000645800000, 0x0000000645900000, 0x0000000645900000|100%|HC|  |TAMS 0x0000000645800000, 0x0000000645800000| Complete 
|  27|0x0000000645900000, 0x0000000645a00000, 0x0000000645a00000|100%|HC|  |TAMS 0x0000000645900000, 0x0000000645900000| Complete 
|  28|0x0000000645a00000, 0x0000000645b00000, 0x0000000645b00000|100%|HC|  |TAMS 0x0000000645a00000, 0x0000000645a00000| Complete 
|  29|0x0000000645b00000, 0x0000000645c00000, 0x0000000645c00000|100%|HC|  |TAMS 0x0000000645b00000, 0x0000000645b00000| Complete 
|  30|0x0000000645c00000, 0x0000000645d00000, 0x0000000645d00000|100%|HS|  |TAMS 0x0000000645c00000, 0x0000000645c00000| Complete 
|  31|0x0000000645d00000, 0x0000000645e00000, 0x0000000645e00000|100%|HC|  |TAMS 0x0000000645d00000, 0x0000000645d00000| Complete 
|  32|0x0000000645e00000, 0x0000000645f00000, 0x0000000645f00000|100%|HC|  |TAMS 0x0000000645e00000, 0x0000000645e00000| Complete 
|  33|0x0000000645f00000, 0x0000000646000000, 0x0000000646000000|100%|HC|  |TAMS 0x0000000645f00000, 0x0000000645f00000| Complete 
|  34|0x0000000646000000, 0x0000000646100000, 0x0000000646100000|100%|HC|  |TAMS 0x0000000646000000, 0x0000000646000000| Complete 
|  35|0x0000000646100000, 0x0000000646200000, 0x0000000646200000|100%|HC|  |TAMS 0x0000000646100000, 0x0000000646100000| Complete 
|  36|0x0000000646200000, 0x0000000646300000, 0x0000000646300000|100%|HC|  |TAMS 0x0000000646200000, 0x0000000646200000| Complete 
|  37|0x0000000646300000, 0x0000000646400000, 0x0000000646400000|100%|HC|  |TAMS 0x0000000646300000, 0x0000000646300000| Complete 
|  38|0x0000000646400000, 0x0000000646500000, 0x0000000646500000|100%|HC|  |TAMS 0x0000000646400000, 0x0000000646400000| Complete 
|  39|0x0000000646500000, 0x0000000646600000, 0x0000000646600000|100%|HC|  |TAMS 0x0000000646500000, 0x0000000646500000| Complete 
|  40|0x0000000646600000, 0x0000000646700000, 0x0000000646700000|100%|HC|  |TAMS 0x0000000646600000, 0x0000000646600000| Complete 
|  41|0x0000000646700000, 0x0000000646800000, 0x0000000646800000|100%|HC|  |TAMS 0x0000000646700000, 0x0000000646700000| Complete 
|  42|0x0000000646800000, 0x0000000646900000, 0x0000000646900000|100%|HS|  |TAMS 0x0000000646800000, 0x0000000646800000| Complete 
|  43|0x0000000646900000, 0x0000000646a00000, 0x0000000646a00000|100%|HC|  |TAMS 0x0000000646900000, 0x0000000646900000| Complete 
|  44|0x0000000646a00000, 0x0000000646b00000, 0x0000000646b00000|100%|HC|  |TAMS 0x0000000646a00000, 0x0000000646a00000| Complete 
|  45|0x0000000646b00000, 0x0000000646c00000, 0x0000000646c00000|100%|HC|  |TAMS 0x0000000646b00000, 0x0000000646b00000| Complete 
|  46|0x0000000646c00000, 0x0000000646d00000, 0x0000000646d00000|100%|HC|  |TAMS 0x0000000646c00000, 0x0000000646c00000| Complete 
|  47|0x0000000646d00000, 0x0000000646e00000, 0x0000000646e00000|100%|HC|  |TAMS 0x0000000646d00000, 0x0000000646d00000| Complete 
|  48|0x0000000646e00000, 0x0000000646f00000, 0x0000000646f00000|100%|HC|  |TAMS 0x0000000646e00000, 0x0000000646e00000| Complete 
|  49|0x0000000646f00000, 0x0000000647000000, 0x0000000647000000|100%|HC|  |TAMS 0x0000000646f00000, 0x0000000646f00000| Complete 
|  50|0x0000000647000000, 0x0000000647100000, 0x0000000647100000|100%|HS|  |TAMS 0x0000000647000000, 0x0000000647000000| Complete 
|  51|0x0000000647100000, 0x0000000647200000, 0x0000000647200000|100%|HC|  |TAMS 0x0000000647100000, 0x0000000647100000| Complete 
|  52|0x0000000647200000, 0x0000000647300000, 0x0000000647300000|100%|HC|  |TAMS 0x0000000647200000, 0x0000000647200000| Complete 
|  53|0x0000000647300000, 0x0000000647400000, 0x0000000647400000|100%|HC|  |TAMS 0x0000000647300000, 0x0000000647300000| Complete 
|  54|0x0000000647400000, 0x0000000647500000, 0x0000000647500000|100%|HC|  |TAMS 0x0000000647400000, 0x0000000647400000| Complete 
|  55|0x0000000647500000, 0x0000000647600000, 0x0000000647600000|100%|HC|  |TAMS 0x0000000647500000, 0x0000000647500000| Complete 
|  56|0x0000000647600000, 0x0000000647700000, 0x0000000647700000|100%|HC|  |TAMS 0x0000000647600000, 0x0000000647600000| Complete 
|  57|0x0000000647700000, 0x0000000647800000, 0x0000000647800000|100%|HC|  |TAMS 0x0000000647700000, 0x0000000647700000| Complete 
|  58|0x0000000647800000, 0x0000000647800000, 0x0000000647900000|  0%| F|  |TAMS 0x0000000647800000, 0x0000000647800000| Untracked 
|  59|0x0000000647900000, 0x0000000647900000, 0x0000000647a00000|  0%| F|  |TAMS 0x0000000647900000, 0x0000000647900000| Untracked 
|  60|0x0000000647a00000, 0x0000000647a00000, 0x0000000647b00000|  0%| F|  |TAMS 0x0000000647a00000, 0x0000000647a00000| Untracked 
|  61|0x0000000647b00000, 0x0000000647b00000, 0x0000000647c00000|  0%| F|  |TAMS 0x0000000647b00000, 0x0000000647b00000| Untracked 
|  62|0x0000000647c00000, 0x0000000647c00000, 0x0000000647d00000|  0%| F|  |TAMS 0x0000000647c00000, 0x0000000647c00000| Untracked 
|  63|0x0000000647d00000, 0x0000000647d00000, 0x0000000647e00000|  0%| F|  |TAMS 0x0000000647d00000, 0x0000000647d00000| Untracked 
|  64|0x0000000647e00000, 0x0000000647e00000, 0x0000000647f00000|  0%| F|  |TAMS 0x0000000647e00000, 0x0000000647e00000| Untracked 
|  65|0x0000000647f00000, 0x0000000647f00000, 0x0000000648000000|  0%| F|  |TAMS 0x0000000647f00000, 0x0000000647f00000| Untracked 
|  66|0x0000000648000000, 0x0000000648000000, 0x0000000648100000|  0%| F|  |TAMS 0x0000000648000000, 0x0000000648000000| Untracked 
|  67|0x0000000648100000, 0x0000000648100000, 0x0000000648200000|  0%| F|  |TAMS 0x0000000648100000, 0x0000000648100000| Untracked 
|  68|0x0000000648200000, 0x0000000648200000, 0x0000000648300000|  0%| F|  |TAMS 0x0000000648200000, 0x0000000648200000| Untracked 
|  69|0x0000000648300000, 0x0000000648300000, 0x0000000648400000|  0%| F|  |TAMS 0x0000000648300000, 0x0000000648300000| Untracked 
|  70|0x0000000648400000, 0x0000000648400000, 0x0000000648500000|  0%| F|  |TAMS 0x0000000648400000, 0x0000000648400000| Untracked 
|  71|0x0000000648500000, 0x0000000648500000, 0x0000000648600000|  0%| F|  |TAMS 0x0000000648500000, 0x0000000648500000| Untracked 
|  72|0x0000000648600000, 0x0000000648600000, 0x0000000648700000|  0%| F|  |TAMS 0x0000000648600000, 0x0000000648600000| Untracked 
|  73|0x0000000648700000, 0x0000000648700000, 0x0000000648800000|  0%| F|  |TAMS 0x0000000648700000, 0x0000000648700000| Untracked 
|  74|0x0000000648800000, 0x0000000648800000, 0x0000000648900000|  0%| F|  |TAMS 0x0000000648800000, 0x0000000648800000| Untracked 
|  75|0x0000000648900000, 0x0000000648900000, 0x0000000648a00000|  0%| F|  |TAMS 0x0000000648900000, 0x0000000648900000| Untracked 
|  76|0x0000000648a00000, 0x0000000648a00000, 0x0000000648b00000|  0%| F|  |TAMS 0x0000000648a00000, 0x0000000648a00000| Untracked 
|  77|0x0000000648b00000, 0x0000000648b00000, 0x0000000648c00000|  0%| F|  |TAMS 0x0000000648b00000, 0x0000000648b00000| Untracked 
|  78|0x0000000648c00000, 0x0000000648c00000, 0x0000000648d00000|  0%| F|  |TAMS 0x0000000648c00000, 0x0000000648c00000| Untracked 
|  79|0x0000000648d00000, 0x0000000648d00000, 0x0000000648e00000|  0%| F|  |TAMS 0x0000000648d00000, 0x0000000648d00000| Untracked 
|  80|0x0000000648e00000, 0x0000000648e00000, 0x0000000648f00000|  0%| F|  |TAMS 0x0000000648e00000, 0x0000000648e00000| Untracked 
|  81|0x0000000648f00000, 0x0000000648f00000, 0x0000000649000000|  0%| F|  |TAMS 0x0000000648f00000, 0x0000000648f00000| Untracked 
|  82|0x0000000649000000, 0x0000000649000000, 0x0000000649100000|  0%| F|  |TAMS 0x0000000649000000, 0x0000000649000000| Untracked 
|  83|0x0000000649100000, 0x0000000649100000, 0x0000000649200000|  0%| F|  |TAMS 0x0000000649100000, 0x0000000649100000| Untracked 
|  84|0x0000000649200000, 0x0000000649200000, 0x0000000649300000|  0%| F|  |TAMS 0x0000000649200000, 0x0000000649200000| Untracked 
|  85|0x0000000649300000, 0x0000000649300000, 0x0000000649400000|  0%| F|  |TAMS 0x0000000649300000, 0x0000000649300000| Untracked 
|  86|0x0000000649400000, 0x0000000649400000, 0x0000000649500000|  0%| F|  |TAMS 0x0000000649400000, 0x0000000649400000| Untracked 
|  87|0x0000000649500000, 0x0000000649500000, 0x0000000649600000|  0%| F|  |TAMS 0x0000000649500000, 0x0000000649500000| Untracked 
|  88|0x0000000649600000, 0x0000000649600000, 0x0000000649700000|  0%| F|  |TAMS 0x0000000649600000, 0x0000000649600000| Untracked 
|  89|0x0000000649700000, 0x0000000649700000, 0x0000000649800000|  0%| F|  |TAMS 0x0000000649700000, 0x0000000649700000| Untracked 
|  90|0x0000000649800000, 0x0000000649800000, 0x0000000649900000|  0%| F|  |TAMS 0x0000000649800000, 0x0000000649800000| Untracked 
|  91|0x0000000649900000, 0x0000000649900000, 0x0000000649a00000|  0%| F|  |TAMS 0x0000000649900000, 0x0000000649900000| Untracked 
|  92|0x0000000649a00000, 0x0000000649a00000, 0x0000000649b00000|  0%| F|  |TAMS 0x0000000649a00000, 0x0000000649a00000| Untracked 
|  93|0x0000000649b00000, 0x0000000649b00000, 0x0000000649c00000|  0%| F|  |TAMS 0x0000000649b00000, 0x0000000649b00000| Untracked 
|  94|0x0000000649c00000, 0x0000000649c00000, 0x0000000649d00000|  0%| F|  |TAMS 0x0000000649c00000, 0x0000000649c00000| Untracked 
|  95|0x0000000649d00000, 0x0000000649d00000, 0x0000000649e00000|  0%| F|  |TAMS 0x0000000649d00000, 0x0000000649d00000| Untracked 
|  96|0x0000000649e00000, 0x0000000649e00000, 0x0000000649f00000|  0%| F|  |TAMS 0x0000000649e00000, 0x0000000649e00000| Untracked 
|  97|0x0000000649f00000, 0x0000000649f00000, 0x000000064a000000|  0%| F|  |TAMS 0x0000000649f00000, 0x0000000649f00000| Untracked 
|  98|0x000000064a000000, 0x000000064a000000, 0x000000064a100000|  0%| F|  |TAMS 0x000000064a000000, 0x000000064a000000| Untracked 
|  99|0x000000064a100000, 0x000000064a100000, 0x000000064a200000|  0%| F|  |TAMS 0x000000064a100000, 0x000000064a100000| Untracked 
| 100|0x000000064a200000, 0x000000064a200000, 0x000000064a300000|  0%| F|  |TAMS 0x000000064a200000, 0x000000064a200000| Untracked 
| 101|0x000000064a300000, 0x000000064a300000, 0x000000064a400000|  0%| F|  |TAMS 0x000000064a300000, 0x000000064a300000| Untracked 
| 102|0x000000064a400000, 0x000000064a400000, 0x000000064a500000|  0%| F|  |TAMS 0x000000064a400000, 0x000000064a400000| Untracked 
| 103|0x000000064a500000, 0x000000064a500000, 0x000000064a600000|  0%| F|  |TAMS 0x000000064a500000, 0x000000064a500000| Untracked 
| 104|0x000000064a600000, 0x000000064a600000, 0x000000064a700000|  0%| F|  |TAMS 0x000000064a600000, 0x000000064a600000| Untracked 
| 105|0x000000064a700000, 0x000000064a700000, 0x000000064a800000|  0%| F|  |TAMS 0x000000064a700000, 0x000000064a700000| Untracked 
| 106|0x000000064a800000, 0x000000064a800000, 0x000000064a900000|  0%| F|  |TAMS 0x000000064a800000, 0x000000064a800000| Untracked 
| 107|0x000000064a900000, 0x000000064a900000, 0x000000064aa00000|  0%| F|  |TAMS 0x000000064a900000, 0x000000064a900000| Untracked 
| 108|0x000000064aa00000, 0x000000064aa00000, 0x000000064ab00000|  0%| F|  |TAMS 0x000000064aa00000, 0x000000064aa00000| Untracked 
| 109|0x000000064ab00000, 0x000000064ab00000, 0x000000064ac00000|  0%| F|  |TAMS 0x000000064ab00000, 0x000000064ab00000| Untracked 
| 110|0x000000064ac00000, 0x000000064ac00000, 0x000000064ad00000|  0%| F|  |TAMS 0x000000064ac00000, 0x000000064ac00000| Untracked 
| 111|0x000000064ad00000, 0x000000064ad00000, 0x000000064ae00000|  0%| F|  |TAMS 0x000000064ad00000, 0x000000064ad00000| Untracked 
| 112|0x000000064ae00000, 0x000000064ae00000, 0x000000064af00000|  0%| F|  |TAMS 0x000000064ae00000, 0x000000064ae00000| Untracked 
| 113|0x000000064af00000, 0x000000064af00000, 0x000000064b000000|  0%| F|  |TAMS 0x000000064af00000, 0x000000064af00000| Untracked 
| 114|0x000000064b000000, 0x000000064b000000, 0x000000064b100000|  0%| F|  |TAMS 0x000000064b000000, 0x000000064b000000| Untracked 
| 115|0x000000064b100000, 0x000000064b100000, 0x000000064b200000|  0%| F|  |TAMS 0x000000064b100000, 0x000000064b100000| Untracked 
| 116|0x000000064b200000, 0x000000064b200000, 0x000000064b300000|  0%| F|  |TAMS 0x000000064b200000, 0x000000064b200000| Untracked 
| 117|0x000000064b300000, 0x000000064b300000, 0x000000064b400000|  0%| F|  |TAMS 0x000000064b300000, 0x000000064b300000| Untracked 
| 118|0x000000064b400000, 0x000000064b400000, 0x000000064b500000|  0%| F|  |TAMS 0x000000064b400000, 0x000000064b400000| Untracked 
| 119|0x000000064b500000, 0x000000064b500000, 0x000000064b600000|  0%| F|  |TAMS 0x000000064b500000, 0x000000064b500000| Untracked 
| 120|0x000000064b600000, 0x000000064b600000, 0x000000064b700000|  0%| F|  |TAMS 0x000000064b600000, 0x000000064b600000| Untracked 
| 121|0x000000064b700000, 0x000000064b700000, 0x000000064b800000|  0%| F|  |TAMS 0x000000064b700000, 0x000000064b700000| Untracked 
| 122|0x000000064b800000, 0x000000064b800000, 0x000000064b900000|  0%| F|  |TAMS 0x000000064b800000, 0x000000064b800000| Untracked 
| 123|0x000000064b900000, 0x000000064b900000, 0x000000064ba00000|  0%| F|  |TAMS 0x000000064b900000, 0x000000064b900000| Untracked 
| 124|0x000000064ba00000, 0x000000064ba00000, 0x000000064bb00000|  0%| F|  |TAMS 0x000000064ba00000, 0x000000064ba00000| Untracked 
| 125|0x000000064bb00000, 0x000000064bb00000, 0x000000064bc00000|  0%| F|  |TAMS 0x000000064bb00000, 0x000000064bb00000| Untracked 
| 126|0x000000064bc00000, 0x000000064bc00000, 0x000000064bd00000|  0%| F|  |TAMS 0x000000064bc00000, 0x000000064bc00000| Untracked 
| 127|0x000000064bd00000, 0x000000064bd00000, 0x000000064be00000|  0%| F|  |TAMS 0x000000064bd00000, 0x000000064bd00000| Untracked 
| 128|0x000000064be00000, 0x000000064be00000, 0x000000064bf00000|  0%| F|  |TAMS 0x000000064be00000, 0x000000064be00000| Untracked 
| 129|0x000000064bf00000, 0x000000064bf00000, 0x000000064c000000|  0%| F|  |TAMS 0x000000064bf00000, 0x000000064bf00000| Untracked 
| 130|0x000000064c000000, 0x000000064c000000, 0x000000064c100000|  0%| F|  |TAMS 0x000000064c000000, 0x000000064c000000| Untracked 
| 131|0x000000064c100000, 0x000000064c100000, 0x000000064c200000|  0%| F|  |TAMS 0x000000064c100000, 0x000000064c100000| Untracked 
| 132|0x000000064c200000, 0x000000064c200000, 0x000000064c300000|  0%| F|  |TAMS 0x000000064c200000, 0x000000064c200000| Untracked 
| 133|0x000000064c300000, 0x000000064c300000, 0x000000064c400000|  0%| F|  |TAMS 0x000000064c300000, 0x000000064c300000| Untracked 
| 134|0x000000064c400000, 0x000000064c400000, 0x000000064c500000|  0%| F|  |TAMS 0x000000064c400000, 0x000000064c400000| Untracked 
| 135|0x000000064c500000, 0x000000064c500000, 0x000000064c600000|  0%| F|  |TAMS 0x000000064c500000, 0x000000064c500000| Untracked 
| 136|0x000000064c600000, 0x000000064c600000, 0x000000064c700000|  0%| F|  |TAMS 0x000000064c600000, 0x000000064c600000| Untracked 
| 137|0x000000064c700000, 0x000000064c700000, 0x000000064c800000|  0%| F|  |TAMS 0x000000064c700000, 0x000000064c700000| Untracked 
| 138|0x000000064c800000, 0x000000064c800000, 0x000000064c900000|  0%| F|  |TAMS 0x000000064c800000, 0x000000064c800000| Untracked 
| 139|0x000000064c900000, 0x000000064c900000, 0x000000064ca00000|  0%| F|  |TAMS 0x000000064c900000, 0x000000064c900000| Untracked 
| 140|0x000000064ca00000, 0x000000064ca00000, 0x000000064cb00000|  0%| F|  |TAMS 0x000000064ca00000, 0x000000064ca00000| Untracked 
| 141|0x000000064cb00000, 0x000000064cb00000, 0x000000064cc00000|  0%| F|  |TAMS 0x000000064cb00000, 0x000000064cb00000| Untracked 
| 142|0x000000064cc00000, 0x000000064cc00000, 0x000000064cd00000|  0%| F|  |TAMS 0x000000064cc00000, 0x000000064cc00000| Untracked 
| 143|0x000000064cd00000, 0x000000064cd00000, 0x000000064ce00000|  0%| F|  |TAMS 0x000000064cd00000, 0x000000064cd00000| Untracked 
| 144|0x000000064ce00000, 0x000000064ce00000, 0x000000064cf00000|  0%| F|  |TAMS 0x000000064ce00000, 0x000000064ce00000| Untracked 
| 145|0x000000064cf00000, 0x000000064cf00000, 0x000000064d000000|  0%| F|  |TAMS 0x000000064cf00000, 0x000000064cf00000| Untracked 
| 146|0x000000064d000000, 0x000000064d000000, 0x000000064d100000|  0%| F|  |TAMS 0x000000064d000000, 0x000000064d000000| Untracked 
| 147|0x000000064d100000, 0x000000064d100000, 0x000000064d200000|  0%| F|  |TAMS 0x000000064d100000, 0x000000064d100000| Untracked 
| 148|0x000000064d200000, 0x000000064d200000, 0x000000064d300000|  0%| F|  |TAMS 0x000000064d200000, 0x000000064d200000| Untracked 
| 149|0x000000064d300000, 0x000000064d300000, 0x000000064d400000|  0%| F|  |TAMS 0x000000064d300000, 0x000000064d300000| Untracked 
| 150|0x000000064d400000, 0x000000064d400000, 0x000000064d500000|  0%| F|  |TAMS 0x000000064d400000, 0x000000064d400000| Untracked 
| 151|0x000000064d500000, 0x000000064d500000, 0x000000064d600000|  0%| F|  |TAMS 0x000000064d500000, 0x000000064d500000| Untracked 
| 152|0x000000064d600000, 0x000000064d600000, 0x000000064d700000|  0%| F|  |TAMS 0x000000064d600000, 0x000000064d600000| Untracked 
| 153|0x000000064d700000, 0x000000064d700000, 0x000000064d800000|  0%| F|  |TAMS 0x000000064d700000, 0x000000064d700000| Untracked 
| 154|0x000000064d800000, 0x000000064d800000, 0x000000064d900000|  0%| F|  |TAMS 0x000000064d800000, 0x000000064d800000| Untracked 
| 155|0x000000064d900000, 0x000000064d900000, 0x000000064da00000|  0%| F|  |TAMS 0x000000064d900000, 0x000000064d900000| Untracked 
| 156|0x000000064da00000, 0x000000064da00000, 0x000000064db00000|  0%| F|  |TAMS 0x000000064da00000, 0x000000064da00000| Untracked 
| 157|0x000000064db00000, 0x000000064db00000, 0x000000064dc00000|  0%| F|  |TAMS 0x000000064db00000, 0x000000064db00000| Untracked 
| 158|0x000000064dc00000, 0x000000064dc00000, 0x000000064dd00000|  0%| F|  |TAMS 0x000000064dc00000, 0x000000064dc00000| Untracked 
| 159|0x000000064dd00000, 0x000000064dd00000, 0x000000064de00000|  0%| F|  |TAMS 0x000000064dd00000, 0x000000064dd00000| Untracked 
| 160|0x000000064de00000, 0x000000064de00000, 0x000000064df00000|  0%| F|  |TAMS 0x000000064de00000, 0x000000064de00000| Untracked 
| 161|0x000000064df00000, 0x000000064df00000, 0x000000064e000000|  0%| F|  |TAMS 0x000000064df00000, 0x000000064df00000| Untracked 
| 162|0x000000064e000000, 0x000000064e000000, 0x000000064e100000|  0%| F|  |TAMS 0x000000064e000000, 0x000000064e000000| Untracked 
| 163|0x000000064e100000, 0x000000064e100000, 0x000000064e200000|  0%| F|  |TAMS 0x000000064e100000, 0x000000064e100000| Untracked 
| 164|0x000000064e200000, 0x000000064e200000, 0x000000064e300000|  0%| F|  |TAMS 0x000000064e200000, 0x000000064e200000| Untracked 
| 165|0x000000064e300000, 0x000000064e300000, 0x000000064e400000|  0%| F|  |TAMS 0x000000064e300000, 0x000000064e300000| Untracked 
| 166|0x000000064e400000, 0x000000064e400000, 0x000000064e500000|  0%| F|  |TAMS 0x000000064e400000, 0x000000064e400000| Untracked 
| 167|0x000000064e500000, 0x000000064e500000, 0x000000064e600000|  0%| F|  |TAMS 0x000000064e500000, 0x000000064e500000| Untracked 
| 168|0x000000064e600000, 0x000000064e600000, 0x000000064e700000|  0%| F|  |TAMS 0x000000064e600000, 0x000000064e600000| Untracked 
| 169|0x000000064e700000, 0x000000064e700000, 0x000000064e800000|  0%| F|  |TAMS 0x000000064e700000, 0x000000064e700000| Untracked 
| 170|0x000000064e800000, 0x000000064e800000, 0x000000064e900000|  0%| F|  |TAMS 0x000000064e800000, 0x000000064e800000| Untracked 
| 171|0x000000064e900000, 0x000000064e900000, 0x000000064ea00000|  0%| F|  |TAMS 0x000000064e900000, 0x000000064e900000| Untracked 
| 172|0x000000064ea00000, 0x000000064ea00000, 0x000000064eb00000|  0%| F|  |TAMS 0x000000064ea00000, 0x000000064ea00000| Untracked 
| 173|0x000000064eb00000, 0x000000064eb00000, 0x000000064ec00000|  0%| F|  |TAMS 0x000000064eb00000, 0x000000064eb00000| Untracked 
| 174|0x000000064ec00000, 0x000000064ec00000, 0x000000064ed00000|  0%| F|  |TAMS 0x000000064ec00000, 0x000000064ec00000| Untracked 
| 175|0x000000064ed00000, 0x000000064ed00000, 0x000000064ee00000|  0%| F|  |TAMS 0x000000064ed00000, 0x000000064ed00000| Untracked 
| 176|0x000000064ee00000, 0x000000064ee00000, 0x000000064ef00000|  0%| F|  |TAMS 0x000000064ee00000, 0x000000064ee00000| Untracked 
| 177|0x000000064ef00000, 0x000000064ef00000, 0x000000064f000000|  0%| F|  |TAMS 0x000000064ef00000, 0x000000064ef00000| Untracked 
| 178|0x000000064f000000, 0x000000064f000000, 0x000000064f100000|  0%| F|  |TAMS 0x000000064f000000, 0x000000064f000000| Untracked 
| 179|0x000000064f100000, 0x000000064f100000, 0x000000064f200000|  0%| F|  |TAMS 0x000000064f100000, 0x000000064f100000| Untracked 
| 180|0x000000064f200000, 0x000000064f200000, 0x000000064f300000|  0%| F|  |TAMS 0x000000064f200000, 0x000000064f200000| Untracked 
| 181|0x000000064f300000, 0x000000064f300000, 0x000000064f400000|  0%| F|  |TAMS 0x000000064f300000, 0x000000064f300000| Untracked 
| 182|0x000000064f400000, 0x000000064f400000, 0x000000064f500000|  0%| F|  |TAMS 0x000000064f400000, 0x000000064f400000| Untracked 
| 183|0x000000064f500000, 0x000000064f500000, 0x000000064f600000|  0%| F|  |TAMS 0x000000064f500000, 0x000000064f500000| Untracked 
| 184|0x000000064f600000, 0x000000064f600000, 0x000000064f700000|  0%| F|  |TAMS 0x000000064f600000, 0x000000064f600000| Untracked 
| 185|0x000000064f700000, 0x000000064f700000, 0x000000064f800000|  0%| F|  |TAMS 0x000000064f700000, 0x000000064f700000| Untracked 
| 186|0x000000064f800000, 0x000000064f800000, 0x000000064f900000|  0%| F|  |TAMS 0x000000064f800000, 0x000000064f800000| Untracked 
| 187|0x000000064f900000, 0x000000064f900000, 0x000000064fa00000|  0%| F|  |TAMS 0x000000064f900000, 0x000000064f900000| Untracked 
| 188|0x000000064fa00000, 0x000000064fa00000, 0x000000064fb00000|  0%| F|  |TAMS 0x000000064fa00000, 0x000000064fa00000| Untracked 
| 189|0x000000064fb00000, 0x000000064fb00000, 0x000000064fc00000|  0%| F|  |TAMS 0x000000064fb00000, 0x000000064fb00000| Untracked 
| 190|0x000000064fc00000, 0x000000064fc00000, 0x000000064fd00000|  0%| F|  |TAMS 0x000000064fc00000, 0x000000064fc00000| Untracked 
| 191|0x000000064fd00000, 0x000000064fd00000, 0x000000064fe00000|  0%| F|  |TAMS 0x000000064fd00000, 0x000000064fd00000| Untracked 
| 192|0x000000064fe00000, 0x000000064fe00000, 0x000000064ff00000|  0%| F|  |TAMS 0x000000064fe00000, 0x000000064fe00000| Untracked 
| 193|0x000000064ff00000, 0x000000064ff00000, 0x0000000650000000|  0%| F|  |TAMS 0x000000064ff00000, 0x000000064ff00000| Untracked 
| 194|0x0000000650000000, 0x0000000650000000, 0x0000000650100000|  0%| F|  |TAMS 0x0000000650000000, 0x0000000650000000| Untracked 
| 195|0x0000000650100000, 0x0000000650100000, 0x0000000650200000|  0%| F|  |TAMS 0x0000000650100000, 0x0000000650100000| Untracked 
| 196|0x0000000650200000, 0x0000000650200000, 0x0000000650300000|  0%| F|  |TAMS 0x0000000650200000, 0x0000000650200000| Untracked 
| 197|0x0000000650300000, 0x0000000650300000, 0x0000000650400000|  0%| F|  |TAMS 0x0000000650300000, 0x0000000650300000| Untracked 
| 198|0x0000000650400000, 0x0000000650400000, 0x0000000650500000|  0%| F|  |TAMS 0x0000000650400000, 0x0000000650400000| Untracked 
| 199|0x0000000650500000, 0x0000000650500000, 0x0000000650600000|  0%| F|  |TAMS 0x0000000650500000, 0x0000000650500000| Untracked 
| 200|0x0000000650600000, 0x0000000650600000, 0x0000000650700000|  0%| F|  |TAMS 0x0000000650600000, 0x0000000650600000| Untracked 
| 201|0x0000000650700000, 0x0000000650700000, 0x0000000650800000|  0%| F|  |TAMS 0x0000000650700000, 0x0000000650700000| Untracked 
| 202|0x0000000650800000, 0x0000000650800000, 0x0000000650900000|  0%| F|  |TAMS 0x0000000650800000, 0x0000000650800000| Untracked 
| 203|0x0000000650900000, 0x0000000650900000, 0x0000000650a00000|  0%| F|  |TAMS 0x0000000650900000, 0x0000000650900000| Untracked 
| 204|0x0000000650a00000, 0x0000000650a00000, 0x0000000650b00000|  0%| F|  |TAMS 0x0000000650a00000, 0x0000000650a00000| Untracked 
| 205|0x0000000650b00000, 0x0000000650b00000, 0x0000000650c00000|  0%| F|  |TAMS 0x0000000650b00000, 0x0000000650b00000| Untracked 
| 206|0x0000000650c00000, 0x0000000650c00000, 0x0000000650d00000|  0%| F|  |TAMS 0x0000000650c00000, 0x0000000650c00000| Untracked 
| 207|0x0000000650d00000, 0x0000000650d00000, 0x0000000650e00000|  0%| F|  |TAMS 0x0000000650d00000, 0x0000000650d00000| Untracked 
| 208|0x0000000650e00000, 0x0000000650e00000, 0x0000000650f00000|  0%| F|  |TAMS 0x0000000650e00000, 0x0000000650e00000| Untracked 
| 209|0x0000000650f00000, 0x0000000650f00000, 0x0000000651000000|  0%| F|  |TAMS 0x0000000650f00000, 0x0000000650f00000| Untracked 
| 210|0x0000000651000000, 0x0000000651000000, 0x0000000651100000|  0%| F|  |TAMS 0x0000000651000000, 0x0000000651000000| Untracked 
| 211|0x0000000651100000, 0x0000000651100000, 0x0000000651200000|  0%| F|  |TAMS 0x0000000651100000, 0x0000000651100000| Untracked 
| 212|0x0000000651200000, 0x0000000651200000, 0x0000000651300000|  0%| F|  |TAMS 0x0000000651200000, 0x0000000651200000| Untracked 
| 213|0x0000000651300000, 0x0000000651300000, 0x0000000651400000|  0%| F|  |TAMS 0x0000000651300000, 0x0000000651300000| Untracked 
| 214|0x0000000651400000, 0x0000000651400000, 0x0000000651500000|  0%| F|  |TAMS 0x0000000651400000, 0x0000000651400000| Untracked 
| 215|0x0000000651500000, 0x0000000651500000, 0x0000000651600000|  0%| F|  |TAMS 0x0000000651500000, 0x0000000651500000| Untracked 
| 216|0x0000000651600000, 0x0000000651600000, 0x0000000651700000|  0%| F|  |TAMS 0x0000000651600000, 0x0000000651600000| Untracked 
| 217|0x0000000651700000, 0x0000000651700000, 0x0000000651800000|  0%| F|  |TAMS 0x0000000651700000, 0x0000000651700000| Untracked 
| 218|0x0000000651800000, 0x0000000651800000, 0x0000000651900000|  0%| F|  |TAMS 0x0000000651800000, 0x0000000651800000| Untracked 
| 219|0x0000000651900000, 0x0000000651900000, 0x0000000651a00000|  0%| F|  |TAMS 0x0000000651900000, 0x0000000651900000| Untracked 
| 220|0x0000000651a00000, 0x0000000651a00000, 0x0000000651b00000|  0%| F|  |TAMS 0x0000000651a00000, 0x0000000651a00000| Untracked 
| 221|0x0000000651b00000, 0x0000000651b00000, 0x0000000651c00000|  0%| F|  |TAMS 0x0000000651b00000, 0x0000000651b00000| Untracked 
| 222|0x0000000651c00000, 0x0000000651c00000, 0x0000000651d00000|  0%| F|  |TAMS 0x0000000651c00000, 0x0000000651c00000| Untracked 
| 223|0x0000000651d00000, 0x0000000651d00000, 0x0000000651e00000|  0%| F|  |TAMS 0x0000000651d00000, 0x0000000651d00000| Untracked 
| 224|0x0000000651e00000, 0x0000000651e00000, 0x0000000651f00000|  0%| F|  |TAMS 0x0000000651e00000, 0x0000000651e00000| Untracked 
| 225|0x0000000651f00000, 0x0000000651f00000, 0x0000000652000000|  0%| F|  |TAMS 0x0000000651f00000, 0x0000000651f00000| Untracked 
| 226|0x0000000652000000, 0x0000000652000000, 0x0000000652100000|  0%| F|  |TAMS 0x0000000652000000, 0x0000000652000000| Untracked 
| 227|0x0000000652100000, 0x0000000652100000, 0x0000000652200000|  0%| F|  |TAMS 0x0000000652100000, 0x0000000652100000| Untracked 
| 228|0x0000000652200000, 0x0000000652200000, 0x0000000652300000|  0%| F|  |TAMS 0x0000000652200000, 0x0000000652200000| Untracked 
| 229|0x0000000652300000, 0x0000000652300000, 0x0000000652400000|  0%| F|  |TAMS 0x0000000652300000, 0x0000000652300000| Untracked 
| 230|0x0000000652400000, 0x0000000652400000, 0x0000000652500000|  0%| F|  |TAMS 0x0000000652400000, 0x0000000652400000| Untracked 
| 231|0x0000000652500000, 0x0000000652500000, 0x0000000652600000|  0%| F|  |TAMS 0x0000000652500000, 0x0000000652500000| Untracked 
| 232|0x0000000652600000, 0x0000000652600000, 0x0000000652700000|  0%| F|  |TAMS 0x0000000652600000, 0x0000000652600000| Untracked 
| 233|0x0000000652700000, 0x0000000652700000, 0x0000000652800000|  0%| F|  |TAMS 0x0000000652700000, 0x0000000652700000| Untracked 
| 234|0x0000000652800000, 0x0000000652800000, 0x0000000652900000|  0%| F|  |TAMS 0x0000000652800000, 0x0000000652800000| Untracked 
| 235|0x0000000652900000, 0x0000000652900000, 0x0000000652a00000|  0%| F|  |TAMS 0x0000000652900000, 0x0000000652900000| Untracked 
| 236|0x0000000652a00000, 0x0000000652a00000, 0x0000000652b00000|  0%| F|  |TAMS 0x0000000652a00000, 0x0000000652a00000| Untracked 
| 237|0x0000000652b00000, 0x0000000652b00000, 0x0000000652c00000|  0%| F|  |TAMS 0x0000000652b00000, 0x0000000652b00000| Untracked 
| 238|0x0000000652c00000, 0x0000000652c00000, 0x0000000652d00000|  0%| F|  |TAMS 0x0000000652c00000, 0x0000000652c00000| Untracked 
| 239|0x0000000652d00000, 0x0000000652d00000, 0x0000000652e00000|  0%| F|  |TAMS 0x0000000652d00000, 0x0000000652d00000| Untracked 
| 240|0x0000000652e00000, 0x0000000652e00000, 0x0000000652f00000|  0%| F|  |TAMS 0x0000000652e00000, 0x0000000652e00000| Untracked 
| 241|0x0000000652f00000, 0x0000000652f00000, 0x0000000653000000|  0%| F|  |TAMS 0x0000000652f00000, 0x0000000652f00000| Untracked 
| 242|0x0000000653000000, 0x0000000653000000, 0x0000000653100000|  0%| F|  |TAMS 0x0000000653000000, 0x0000000653000000| Untracked 
| 243|0x0000000653100000, 0x0000000653100000, 0x0000000653200000|  0%| F|  |TAMS 0x0000000653100000, 0x0000000653100000| Untracked 
| 244|0x0000000653200000, 0x0000000653200000, 0x0000000653300000|  0%| F|  |TAMS 0x0000000653200000, 0x0000000653200000| Untracked 
| 245|0x0000000653300000, 0x0000000653300000, 0x0000000653400000|  0%| F|  |TAMS 0x0000000653300000, 0x0000000653300000| Untracked 
| 246|0x0000000653400000, 0x0000000653400000, 0x0000000653500000|  0%| F|  |TAMS 0x0000000653400000, 0x0000000653400000| Untracked 
| 247|0x0000000653500000, 0x0000000653500000, 0x0000000653600000|  0%| F|  |TAMS 0x0000000653500000, 0x0000000653500000| Untracked 
| 248|0x0000000653600000, 0x0000000653600000, 0x0000000653700000|  0%| F|  |TAMS 0x0000000653600000, 0x0000000653600000| Untracked 
| 249|0x0000000653700000, 0x0000000653700000, 0x0000000653800000|  0%| F|  |TAMS 0x0000000653700000, 0x0000000653700000| Untracked 
| 250|0x0000000653800000, 0x0000000653800000, 0x0000000653900000|  0%| F|  |TAMS 0x0000000653800000, 0x0000000653800000| Untracked 
| 251|0x0000000653900000, 0x0000000653900000, 0x0000000653a00000|  0%| F|  |TAMS 0x0000000653900000, 0x0000000653900000| Untracked 
| 252|0x0000000653a00000, 0x0000000653a00000, 0x0000000653b00000|  0%| F|  |TAMS 0x0000000653a00000, 0x0000000653a00000| Untracked 
| 253|0x0000000653b00000, 0x0000000653b00000, 0x0000000653c00000|  0%| F|  |TAMS 0x0000000653b00000, 0x0000000653b00000| Untracked 
| 254|0x0000000653c00000, 0x0000000653c00000, 0x0000000653d00000|  0%| F|  |TAMS 0x0000000653c00000, 0x0000000653c00000| Untracked 
| 255|0x0000000653d00000, 0x0000000653d00000, 0x0000000653e00000|  0%| F|  |TAMS 0x0000000653d00000, 0x0000000653d00000| Untracked 
| 256|0x0000000653e00000, 0x0000000653e00000, 0x0000000653f00000|  0%| F|  |TAMS 0x0000000653e00000, 0x0000000653e00000| Untracked 
| 257|0x0000000653f00000, 0x0000000653f00000, 0x0000000654000000|  0%| F|  |TAMS 0x0000000653f00000, 0x0000000653f00000| Untracked 
| 258|0x0000000654000000, 0x0000000654000000, 0x0000000654100000|  0%| F|  |TAMS 0x0000000654000000, 0x0000000654000000| Untracked 
| 259|0x0000000654100000, 0x0000000654100000, 0x0000000654200000|  0%| F|  |TAMS 0x0000000654100000, 0x0000000654100000| Untracked 
| 260|0x0000000654200000, 0x0000000654200000, 0x0000000654300000|  0%| F|  |TAMS 0x0000000654200000, 0x0000000654200000| Untracked 
| 261|0x0000000654300000, 0x0000000654300000, 0x0000000654400000|  0%| F|  |TAMS 0x0000000654300000, 0x0000000654300000| Untracked 
| 262|0x0000000654400000, 0x0000000654400000, 0x0000000654500000|  0%| F|  |TAMS 0x0000000654400000, 0x0000000654400000| Untracked 
| 263|0x0000000654500000, 0x0000000654500000, 0x0000000654600000|  0%| F|  |TAMS 0x0000000654500000, 0x0000000654500000| Untracked 
| 264|0x0000000654600000, 0x0000000654600000, 0x0000000654700000|  0%| F|  |TAMS 0x0000000654600000, 0x0000000654600000| Untracked 
| 265|0x0000000654700000, 0x0000000654700000, 0x0000000654800000|  0%| F|  |TAMS 0x0000000654700000, 0x0000000654700000| Untracked 
| 266|0x0000000654800000, 0x0000000654800000, 0x0000000654900000|  0%| F|  |TAMS 0x0000000654800000, 0x0000000654800000| Untracked 
| 267|0x0000000654900000, 0x0000000654900000, 0x0000000654a00000|  0%| F|  |TAMS 0x0000000654900000, 0x0000000654900000| Untracked 
| 268|0x0000000654a00000, 0x0000000654a00000, 0x0000000654b00000|  0%| F|  |TAMS 0x0000000654a00000, 0x0000000654a00000| Untracked 
| 269|0x0000000654b00000, 0x0000000654b00000, 0x0000000654c00000|  0%| F|  |TAMS 0x0000000654b00000, 0x0000000654b00000| Untracked 
| 270|0x0000000654c00000, 0x0000000654c00000, 0x0000000654d00000|  0%| F|  |TAMS 0x0000000654c00000, 0x0000000654c00000| Untracked 
| 271|0x0000000654d00000, 0x0000000654d00000, 0x0000000654e00000|  0%| F|  |TAMS 0x0000000654d00000, 0x0000000654d00000| Untracked 
| 272|0x0000000654e00000, 0x0000000654e00000, 0x0000000654f00000|  0%| F|  |TAMS 0x0000000654e00000, 0x0000000654e00000| Untracked 
| 273|0x0000000654f00000, 0x0000000654f00000, 0x0000000655000000|  0%| F|  |TAMS 0x0000000654f00000, 0x0000000654f00000| Untracked 
| 274|0x0000000655000000, 0x0000000655000000, 0x0000000655100000|  0%| F|  |TAMS 0x0000000655000000, 0x0000000655000000| Untracked 
| 275|0x0000000655100000, 0x0000000655100000, 0x0000000655200000|  0%| F|  |TAMS 0x0000000655100000, 0x0000000655100000| Untracked 
| 276|0x0000000655200000, 0x0000000655200000, 0x0000000655300000|  0%| F|  |TAMS 0x0000000655200000, 0x0000000655200000| Untracked 
| 277|0x0000000655300000, 0x0000000655300000, 0x0000000655400000|  0%| F|  |TAMS 0x0000000655300000, 0x0000000655300000| Untracked 
| 278|0x0000000655400000, 0x0000000655400000, 0x0000000655500000|  0%| F|  |TAMS 0x0000000655400000, 0x0000000655400000| Untracked 
| 279|0x0000000655500000, 0x0000000655500000, 0x0000000655600000|  0%| F|  |TAMS 0x0000000655500000, 0x0000000655500000| Untracked 
| 280|0x0000000655600000, 0x0000000655600000, 0x0000000655700000|  0%| F|  |TAMS 0x0000000655600000, 0x0000000655600000| Untracked 
| 281|0x0000000655700000, 0x0000000655700000, 0x0000000655800000|  0%| F|  |TAMS 0x0000000655700000, 0x0000000655700000| Untracked 
| 282|0x0000000655800000, 0x0000000655800000, 0x0000000655900000|  0%| F|  |TAMS 0x0000000655800000, 0x0000000655800000| Untracked 
| 283|0x0000000655900000, 0x0000000655900000, 0x0000000655a00000|  0%| F|  |TAMS 0x0000000655900000, 0x0000000655900000| Untracked 
| 284|0x0000000655a00000, 0x0000000655a00000, 0x0000000655b00000|  0%| F|  |TAMS 0x0000000655a00000, 0x0000000655a00000| Untracked 
| 285|0x0000000655b00000, 0x0000000655b00000, 0x0000000655c00000|  0%| F|  |TAMS 0x0000000655b00000, 0x0000000655b00000| Untracked 
| 286|0x0000000655c00000, 0x0000000655c00000, 0x0000000655d00000|  0%| F|  |TAMS 0x0000000655c00000, 0x0000000655c00000| Untracked 
| 287|0x0000000655d00000, 0x0000000655d00000, 0x0000000655e00000|  0%| F|  |TAMS 0x0000000655d00000, 0x0000000655d00000| Untracked 
| 288|0x0000000655e00000, 0x0000000655e00000, 0x0000000655f00000|  0%| F|  |TAMS 0x0000000655e00000, 0x0000000655e00000| Untracked 
| 289|0x0000000655f00000, 0x0000000655f00000, 0x0000000656000000|  0%| F|  |TAMS 0x0000000655f00000, 0x0000000655f00000| Untracked 
| 290|0x0000000656000000, 0x0000000656000000, 0x0000000656100000|  0%| F|  |TAMS 0x0000000656000000, 0x0000000656000000| Untracked 
| 291|0x0000000656100000, 0x0000000656100000, 0x0000000656200000|  0%| F|  |TAMS 0x0000000656100000, 0x0000000656100000| Untracked 
| 292|0x0000000656200000, 0x0000000656200000, 0x0000000656300000|  0%| F|  |TAMS 0x0000000656200000, 0x0000000656200000| Untracked 
| 293|0x0000000656300000, 0x0000000656300000, 0x0000000656400000|  0%| F|  |TAMS 0x0000000656300000, 0x0000000656300000| Untracked 
| 294|0x0000000656400000, 0x0000000656400000, 0x0000000656500000|  0%| F|  |TAMS 0x0000000656400000, 0x0000000656400000| Untracked 
| 295|0x0000000656500000, 0x0000000656500000, 0x0000000656600000|  0%| F|  |TAMS 0x0000000656500000, 0x0000000656500000| Untracked 
| 296|0x0000000656600000, 0x0000000656600000, 0x0000000656700000|  0%| F|  |TAMS 0x0000000656600000, 0x0000000656600000| Untracked 
| 297|0x0000000656700000, 0x0000000656700000, 0x0000000656800000|  0%| F|  |TAMS 0x0000000656700000, 0x0000000656700000| Untracked 
| 298|0x0000000656800000, 0x0000000656800000, 0x0000000656900000|  0%| F|  |TAMS 0x0000000656800000, 0x0000000656800000| Untracked 
| 299|0x0000000656900000, 0x0000000656900000, 0x0000000656a00000|  0%| F|  |TAMS 0x0000000656900000, 0x0000000656900000| Untracked 
| 300|0x0000000656a00000, 0x0000000656a00000, 0x0000000656b00000|  0%| F|  |TAMS 0x0000000656a00000, 0x0000000656a00000| Untracked 
| 301|0x0000000656b00000, 0x0000000656b00000, 0x0000000656c00000|  0%| F|  |TAMS 0x0000000656b00000, 0x0000000656b00000| Untracked 
| 302|0x0000000656c00000, 0x0000000656c00000, 0x0000000656d00000|  0%| F|  |TAMS 0x0000000656c00000, 0x0000000656c00000| Untracked 
| 303|0x0000000656d00000, 0x0000000656d00000, 0x0000000656e00000|  0%| F|  |TAMS 0x0000000656d00000, 0x0000000656d00000| Untracked 
| 304|0x0000000656e00000, 0x0000000656e00000, 0x0000000656f00000|  0%| F|  |TAMS 0x0000000656e00000, 0x0000000656e00000| Untracked 
| 305|0x0000000656f00000, 0x0000000656f00000, 0x0000000657000000|  0%| F|  |TAMS 0x0000000656f00000, 0x0000000656f00000| Untracked 
| 306|0x0000000657000000, 0x0000000657000000, 0x0000000657100000|  0%| F|  |TAMS 0x0000000657000000, 0x0000000657000000| Untracked 
| 307|0x0000000657100000, 0x0000000657100000, 0x0000000657200000|  0%| F|  |TAMS 0x0000000657100000, 0x0000000657100000| Untracked 
| 308|0x0000000657200000, 0x0000000657200000, 0x0000000657300000|  0%| F|  |TAMS 0x0000000657200000, 0x0000000657200000| Untracked 
| 309|0x0000000657300000, 0x0000000657300000, 0x0000000657400000|  0%| F|  |TAMS 0x0000000657300000, 0x0000000657300000| Untracked 
| 310|0x0000000657400000, 0x0000000657400000, 0x0000000657500000|  0%| F|  |TAMS 0x0000000657400000, 0x0000000657400000| Untracked 
| 311|0x0000000657500000, 0x0000000657500000, 0x0000000657600000|  0%| F|  |TAMS 0x0000000657500000, 0x0000000657500000| Untracked 
| 312|0x0000000657600000, 0x0000000657600000, 0x0000000657700000|  0%| F|  |TAMS 0x0000000657600000, 0x0000000657600000| Untracked 
| 313|0x0000000657700000, 0x0000000657700000, 0x0000000657800000|  0%| F|  |TAMS 0x0000000657700000, 0x0000000657700000| Untracked 
| 314|0x0000000657800000, 0x0000000657800000, 0x0000000657900000|  0%| F|  |TAMS 0x0000000657800000, 0x0000000657800000| Untracked 
| 315|0x0000000657900000, 0x0000000657900000, 0x0000000657a00000|  0%| F|  |TAMS 0x0000000657900000, 0x0000000657900000| Untracked 
| 316|0x0000000657a00000, 0x0000000657a00000, 0x0000000657b00000|  0%| F|  |TAMS 0x0000000657a00000, 0x0000000657a00000| Untracked 
| 317|0x0000000657b00000, 0x0000000657b00000, 0x0000000657c00000|  0%| F|  |TAMS 0x0000000657b00000, 0x0000000657b00000| Untracked 
| 318|0x0000000657c00000, 0x0000000657c00000, 0x0000000657d00000|  0%| F|  |TAMS 0x0000000657c00000, 0x0000000657c00000| Untracked 
| 319|0x0000000657d00000, 0x0000000657d00000, 0x0000000657e00000|  0%| F|  |TAMS 0x0000000657d00000, 0x0000000657d00000| Untracked 
| 320|0x0000000657e00000, 0x0000000657e00000, 0x0000000657f00000|  0%| F|  |TAMS 0x0000000657e00000, 0x0000000657e00000| Untracked 
| 321|0x0000000657f00000, 0x0000000657f00000, 0x0000000658000000|  0%| F|  |TAMS 0x0000000657f00000, 0x0000000657f00000| Untracked 
| 322|0x0000000658000000, 0x0000000658000000, 0x0000000658100000|  0%| F|  |TAMS 0x0000000658000000, 0x0000000658000000| Untracked 
| 323|0x0000000658100000, 0x0000000658100000, 0x0000000658200000|  0%| F|  |TAMS 0x0000000658100000, 0x0000000658100000| Untracked 
| 324|0x0000000658200000, 0x0000000658200000, 0x0000000658300000|  0%| F|  |TAMS 0x0000000658200000, 0x0000000658200000| Untracked 
| 325|0x0000000658300000, 0x0000000658300000, 0x0000000658400000|  0%| F|  |TAMS 0x0000000658300000, 0x0000000658300000| Untracked 
| 326|0x0000000658400000, 0x0000000658400000, 0x0000000658500000|  0%| F|  |TAMS 0x0000000658400000, 0x0000000658400000| Untracked 
| 327|0x0000000658500000, 0x0000000658500000, 0x0000000658600000|  0%| F|  |TAMS 0x0000000658500000, 0x0000000658500000| Untracked 
| 328|0x0000000658600000, 0x0000000658600000, 0x0000000658700000|  0%| F|  |TAMS 0x0000000658600000, 0x0000000658600000| Untracked 
| 329|0x0000000658700000, 0x0000000658700000, 0x0000000658800000|  0%| F|  |TAMS 0x0000000658700000, 0x0000000658700000| Untracked 
| 330|0x0000000658800000, 0x0000000658800000, 0x0000000658900000|  0%| F|  |TAMS 0x0000000658800000, 0x0000000658800000| Untracked 
| 331|0x0000000658900000, 0x0000000658900000, 0x0000000658a00000|  0%| F|  |TAMS 0x0000000658900000, 0x0000000658900000| Untracked 
| 332|0x0000000658a00000, 0x0000000658a00000, 0x0000000658b00000|  0%| F|  |TAMS 0x0000000658a00000, 0x0000000658a00000| Untracked 
| 333|0x0000000658b00000, 0x0000000658b00000, 0x0000000658c00000|  0%| F|  |TAMS 0x0000000658b00000, 0x0000000658b00000| Untracked 
| 334|0x0000000658c00000, 0x0000000658c00000, 0x0000000658d00000|  0%| F|  |TAMS 0x0000000658c00000, 0x0000000658c00000| Untracked 
| 335|0x0000000658d00000, 0x0000000658d00000, 0x0000000658e00000|  0%| F|  |TAMS 0x0000000658d00000, 0x0000000658d00000| Untracked 
| 336|0x0000000658e00000, 0x0000000658e00000, 0x0000000658f00000|  0%| F|  |TAMS 0x0000000658e00000, 0x0000000658e00000| Untracked 
| 337|0x0000000658f00000, 0x0000000658f00000, 0x0000000659000000|  0%| F|  |TAMS 0x0000000658f00000, 0x0000000658f00000| Untracked 
| 338|0x0000000659000000, 0x0000000659000000, 0x0000000659100000|  0%| F|  |TAMS 0x0000000659000000, 0x0000000659000000| Untracked 
| 339|0x0000000659100000, 0x0000000659100000, 0x0000000659200000|  0%| F|  |TAMS 0x0000000659100000, 0x0000000659100000| Untracked 
| 340|0x0000000659200000, 0x0000000659200000, 0x0000000659300000|  0%| F|  |TAMS 0x0000000659200000, 0x0000000659200000| Untracked 
| 341|0x0000000659300000, 0x0000000659300000, 0x0000000659400000|  0%| F|  |TAMS 0x0000000659300000, 0x0000000659300000| Untracked 
| 342|0x0000000659400000, 0x0000000659400000, 0x0000000659500000|  0%| F|  |TAMS 0x0000000659400000, 0x0000000659400000| Untracked 
| 343|0x0000000659500000, 0x0000000659500000, 0x0000000659600000|  0%| F|  |TAMS 0x0000000659500000, 0x0000000659500000| Untracked 
| 344|0x0000000659600000, 0x0000000659600000, 0x0000000659700000|  0%| F|  |TAMS 0x0000000659600000, 0x0000000659600000| Untracked 
| 345|0x0000000659700000, 0x0000000659700000, 0x0000000659800000|  0%| F|  |TAMS 0x0000000659700000, 0x0000000659700000| Untracked 
| 346|0x0000000659800000, 0x0000000659800000, 0x0000000659900000|  0%| F|  |TAMS 0x0000000659800000, 0x0000000659800000| Untracked 
| 347|0x0000000659900000, 0x0000000659900000, 0x0000000659a00000|  0%| F|  |TAMS 0x0000000659900000, 0x0000000659900000| Untracked 
| 348|0x0000000659a00000, 0x0000000659a00000, 0x0000000659b00000|  0%| F|  |TAMS 0x0000000659a00000, 0x0000000659a00000| Untracked 
| 349|0x0000000659b00000, 0x0000000659b00000, 0x0000000659c00000|  0%| F|  |TAMS 0x0000000659b00000, 0x0000000659b00000| Untracked 
| 350|0x0000000659c00000, 0x0000000659c00000, 0x0000000659d00000|  0%| F|  |TAMS 0x0000000659c00000, 0x0000000659c00000| Untracked 
| 351|0x0000000659d00000, 0x0000000659d00000, 0x0000000659e00000|  0%| F|  |TAMS 0x0000000659d00000, 0x0000000659d00000| Untracked 
| 352|0x0000000659e00000, 0x0000000659e00000, 0x0000000659f00000|  0%| F|  |TAMS 0x0000000659e00000, 0x0000000659e00000| Untracked 
| 353|0x0000000659f00000, 0x0000000659f00000, 0x000000065a000000|  0%| F|  |TAMS 0x0000000659f00000, 0x0000000659f00000| Untracked 
| 354|0x000000065a000000, 0x000000065a000000, 0x000000065a100000|  0%| F|  |TAMS 0x000000065a000000, 0x000000065a000000| Untracked 
| 355|0x000000065a100000, 0x000000065a100000, 0x000000065a200000|  0%| F|  |TAMS 0x000000065a100000, 0x000000065a100000| Untracked 
| 356|0x000000065a200000, 0x000000065a200000, 0x000000065a300000|  0%| F|  |TAMS 0x000000065a200000, 0x000000065a200000| Untracked 
| 357|0x000000065a300000, 0x000000065a300000, 0x000000065a400000|  0%| F|  |TAMS 0x000000065a300000, 0x000000065a300000| Untracked 
| 358|0x000000065a400000, 0x000000065a400000, 0x000000065a500000|  0%| F|  |TAMS 0x000000065a400000, 0x000000065a400000| Untracked 
| 359|0x000000065a500000, 0x000000065a600000, 0x000000065a600000|100%| S|CS|TAMS 0x000000065a500000, 0x000000065a500000| Complete 
| 360|0x000000065a600000, 0x000000065a700000, 0x000000065a700000|100%| S|CS|TAMS 0x000000065a600000, 0x000000065a600000| Complete 
| 361|0x000000065a700000, 0x000000065a800000, 0x000000065a800000|100%| S|CS|TAMS 0x000000065a700000, 0x000000065a700000| Complete 
| 362|0x000000065a800000, 0x000000065a900000, 0x000000065a900000|100%| S|CS|TAMS 0x000000065a800000, 0x000000065a800000| Complete 
| 363|0x000000065a900000, 0x000000065aa00000, 0x000000065aa00000|100%| S|CS|TAMS 0x000000065a900000, 0x000000065a900000| Complete 
| 364|0x000000065aa00000, 0x000000065ab00000, 0x000000065ab00000|100%| S|CS|TAMS 0x000000065aa00000, 0x000000065aa00000| Complete 
| 365|0x000000065ab00000, 0x000000065ac00000, 0x000000065ac00000|100%| S|CS|TAMS 0x000000065ab00000, 0x000000065ab00000| Complete 
| 366|0x000000065ac00000, 0x000000065ad00000, 0x000000065ad00000|100%| S|CS|TAMS 0x000000065ac00000, 0x000000065ac00000| Complete 
| 367|0x000000065ad00000, 0x000000065ae00000, 0x000000065ae00000|100%| S|CS|TAMS 0x000000065ad00000, 0x000000065ad00000| Complete 
| 368|0x000000065ae00000, 0x000000065af00000, 0x000000065af00000|100%| S|CS|TAMS 0x000000065ae00000, 0x000000065ae00000| Complete 
| 369|0x000000065af00000, 0x000000065af00000, 0x000000065b000000|  0%| F|  |TAMS 0x000000065af00000, 0x000000065af00000| Untracked 
| 370|0x000000065b000000, 0x000000065b000000, 0x000000065b100000|  0%| F|  |TAMS 0x000000065b000000, 0x000000065b000000| Untracked 
| 371|0x000000065b100000, 0x000000065b100000, 0x000000065b200000|  0%| F|  |TAMS 0x000000065b100000, 0x000000065b100000| Untracked 
| 372|0x000000065b200000, 0x000000065b200000, 0x000000065b300000|  0%| F|  |TAMS 0x000000065b200000, 0x000000065b200000| Untracked 
| 373|0x000000065b300000, 0x000000065b300000, 0x000000065b400000|  0%| F|  |TAMS 0x000000065b300000, 0x000000065b300000| Untracked 
| 374|0x000000065b400000, 0x000000065b400000, 0x000000065b500000|  0%| F|  |TAMS 0x000000065b400000, 0x000000065b400000| Untracked 
| 375|0x000000065b500000, 0x000000065b500000, 0x000000065b600000|  0%| F|  |TAMS 0x000000065b500000, 0x000000065b500000| Untracked 
| 376|0x000000065b600000, 0x000000065b600000, 0x000000065b700000|  0%| F|  |TAMS 0x000000065b600000, 0x000000065b600000| Untracked 
| 377|0x000000065b700000, 0x000000065b700000, 0x000000065b800000|  0%| F|  |TAMS 0x000000065b700000, 0x000000065b700000| Untracked 
| 378|0x000000065b800000, 0x000000065b800000, 0x000000065b900000|  0%| F|  |TAMS 0x000000065b800000, 0x000000065b800000| Untracked 
| 379|0x000000065b900000, 0x000000065b900000, 0x000000065ba00000|  0%| F|  |TAMS 0x000000065b900000, 0x000000065b900000| Untracked 
| 380|0x000000065ba00000, 0x000000065ba00000, 0x000000065bb00000|  0%| F|  |TAMS 0x000000065ba00000, 0x000000065ba00000| Untracked 
| 381|0x000000065bb00000, 0x000000065bb00000, 0x000000065bc00000|  0%| F|  |TAMS 0x000000065bb00000, 0x000000065bb00000| Untracked 
| 382|0x000000065bc00000, 0x000000065bc00000, 0x000000065bd00000|  0%| F|  |TAMS 0x000000065bc00000, 0x000000065bc00000| Untracked 
| 383|0x000000065bd00000, 0x000000065bd00000, 0x000000065be00000|  0%| F|  |TAMS 0x000000065bd00000, 0x000000065bd00000| Untracked 
| 384|0x000000065be00000, 0x000000065be00000, 0x000000065bf00000|  0%| F|  |TAMS 0x000000065be00000, 0x000000065be00000| Untracked 
| 385|0x000000065bf00000, 0x000000065bf00000, 0x000000065c000000|  0%| F|  |TAMS 0x000000065bf00000, 0x000000065bf00000| Untracked 
| 386|0x000000065c000000, 0x000000065c000000, 0x000000065c100000|  0%| F|  |TAMS 0x000000065c000000, 0x000000065c000000| Untracked 
| 387|0x000000065c100000, 0x000000065c100000, 0x000000065c200000|  0%| F|  |TAMS 0x000000065c100000, 0x000000065c100000| Untracked 
| 388|0x000000065c200000, 0x000000065c200000, 0x000000065c300000|  0%| F|  |TAMS 0x000000065c200000, 0x000000065c200000| Untracked 
| 389|0x000000065c300000, 0x000000065c300000, 0x000000065c400000|  0%| F|  |TAMS 0x000000065c300000, 0x000000065c300000| Untracked 
| 390|0x000000065c400000, 0x000000065c400000, 0x000000065c500000|  0%| F|  |TAMS 0x000000065c400000, 0x000000065c400000| Untracked 
| 391|0x000000065c500000, 0x000000065c500000, 0x000000065c600000|  0%| F|  |TAMS 0x000000065c500000, 0x000000065c500000| Untracked 
| 392|0x000000065c600000, 0x000000065c600000, 0x000000065c700000|  0%| F|  |TAMS 0x000000065c600000, 0x000000065c600000| Untracked 
| 393|0x000000065c700000, 0x000000065c700000, 0x000000065c800000|  0%| F|  |TAMS 0x000000065c700000, 0x000000065c700000| Untracked 
| 394|0x000000065c800000, 0x000000065c800000, 0x000000065c900000|  0%| F|  |TAMS 0x000000065c800000, 0x000000065c800000| Untracked 
| 395|0x000000065c900000, 0x000000065c900000, 0x000000065ca00000|  0%| F|  |TAMS 0x000000065c900000, 0x000000065c900000| Untracked 
| 396|0x000000065ca00000, 0x000000065ca00000, 0x000000065cb00000|  0%| F|  |TAMS 0x000000065ca00000, 0x000000065ca00000| Untracked 
| 397|0x000000065cb00000, 0x000000065cb00000, 0x000000065cc00000|  0%| F|  |TAMS 0x000000065cb00000, 0x000000065cb00000| Untracked 
| 398|0x000000065cc00000, 0x000000065cd00000, 0x000000065cd00000|100%| E|  |TAMS 0x000000065cc00000, 0x000000065cc00000| Complete 
| 399|0x000000065cd00000, 0x000000065ce00000, 0x000000065ce00000|100%| E|CS|TAMS 0x000000065cd00000, 0x000000065cd00000| Complete 
| 400|0x000000065ce00000, 0x000000065cf00000, 0x000000065cf00000|100%| E|CS|TAMS 0x000000065ce00000, 0x000000065ce00000| Complete 
| 401|0x000000065cf00000, 0x000000065d000000, 0x000000065d000000|100%| E|CS|TAMS 0x000000065cf00000, 0x000000065cf00000| Complete 
| 402|0x000000065d000000, 0x000000065d100000, 0x000000065d100000|100%| E|CS|TAMS 0x000000065d000000, 0x000000065d000000| Complete 
| 403|0x000000065d100000, 0x000000065d200000, 0x000000065d200000|100%| E|CS|TAMS 0x000000065d100000, 0x000000065d100000| Complete 
| 404|0x000000065d200000, 0x000000065d300000, 0x000000065d300000|100%| E|CS|TAMS 0x000000065d200000, 0x000000065d200000| Complete 
| 405|0x000000065d300000, 0x000000065d400000, 0x000000065d400000|100%| E|CS|TAMS 0x000000065d300000, 0x000000065d300000| Complete 
| 406|0x000000065d400000, 0x000000065d500000, 0x000000065d500000|100%| E|CS|TAMS 0x000000065d400000, 0x000000065d400000| Complete 
| 407|0x000000065d500000, 0x000000065d600000, 0x000000065d600000|100%| E|CS|TAMS 0x000000065d500000, 0x000000065d500000| Complete 
| 408|0x000000065d600000, 0x000000065d700000, 0x000000065d700000|100%| E|CS|TAMS 0x000000065d600000, 0x000000065d600000| Complete 
| 409|0x000000065d700000, 0x000000065d800000, 0x000000065d800000|100%| E|CS|TAMS 0x000000065d700000, 0x000000065d700000| Complete 
| 410|0x000000065d800000, 0x000000065d900000, 0x000000065d900000|100%| E|CS|TAMS 0x000000065d800000, 0x000000065d800000| Complete 
| 411|0x000000065d900000, 0x000000065da00000, 0x000000065da00000|100%| E|CS|TAMS 0x000000065d900000, 0x000000065d900000| Complete 
| 412|0x000000065da00000, 0x000000065db00000, 0x000000065db00000|100%| E|CS|TAMS 0x000000065da00000, 0x000000065da00000| Complete 
| 413|0x000000065db00000, 0x000000065dc00000, 0x000000065dc00000|100%| E|CS|TAMS 0x000000065db00000, 0x000000065db00000| Complete 
| 414|0x000000065dc00000, 0x000000065dd00000, 0x000000065dd00000|100%| E|CS|TAMS 0x000000065dc00000, 0x000000065dc00000| Complete 
| 415|0x000000065dd00000, 0x000000065de00000, 0x000000065de00000|100%| E|CS|TAMS 0x000000065dd00000, 0x000000065dd00000| Complete 
| 416|0x000000065de00000, 0x000000065df00000, 0x000000065df00000|100%| E|CS|TAMS 0x000000065de00000, 0x000000065de00000| Complete 
| 417|0x000000065df00000, 0x000000065e000000, 0x000000065e000000|100%| E|CS|TAMS 0x000000065df00000, 0x000000065df00000| Complete 
| 418|0x000000065e000000, 0x000000065e100000, 0x000000065e100000|100%| E|CS|TAMS 0x000000065e000000, 0x000000065e000000| Complete 
| 419|0x000000065e100000, 0x000000065e200000, 0x000000065e200000|100%| E|CS|TAMS 0x000000065e100000, 0x000000065e100000| Complete 
| 420|0x000000065e200000, 0x000000065e300000, 0x000000065e300000|100%| E|CS|TAMS 0x000000065e200000, 0x000000065e200000| Complete 
| 421|0x000000065e300000, 0x000000065e400000, 0x000000065e400000|100%| E|CS|TAMS 0x000000065e300000, 0x000000065e300000| Complete 
| 422|0x000000065e400000, 0x000000065e500000, 0x000000065e500000|100%| E|CS|TAMS 0x000000065e400000, 0x000000065e400000| Complete 
| 423|0x000000065e500000, 0x000000065e600000, 0x000000065e600000|100%| E|CS|TAMS 0x000000065e500000, 0x000000065e500000| Complete 
| 424|0x000000065e600000, 0x000000065e700000, 0x000000065e700000|100%| E|CS|TAMS 0x000000065e600000, 0x000000065e600000| Complete 
| 425|0x000000065e700000, 0x000000065e800000, 0x000000065e800000|100%| E|CS|TAMS 0x000000065e700000, 0x000000065e700000| Complete 
| 426|0x000000065e800000, 0x000000065e900000, 0x000000065e900000|100%| E|CS|TAMS 0x000000065e800000, 0x000000065e800000| Complete 
| 427|0x000000065e900000, 0x000000065ea00000, 0x000000065ea00000|100%| E|CS|TAMS 0x000000065e900000, 0x000000065e900000| Complete 
| 428|0x000000065ea00000, 0x000000065eb00000, 0x000000065eb00000|100%| E|CS|TAMS 0x000000065ea00000, 0x000000065ea00000| Complete 
| 429|0x000000065eb00000, 0x000000065ec00000, 0x000000065ec00000|100%| E|CS|TAMS 0x000000065eb00000, 0x000000065eb00000| Complete 
| 430|0x000000065ec00000, 0x000000065ed00000, 0x000000065ed00000|100%| E|CS|TAMS 0x000000065ec00000, 0x000000065ec00000| Complete 
| 431|0x000000065ed00000, 0x000000065ee00000, 0x000000065ee00000|100%| E|CS|TAMS 0x000000065ed00000, 0x000000065ed00000| Complete 
| 432|0x000000065ee00000, 0x000000065ef00000, 0x000000065ef00000|100%| E|CS|TAMS 0x000000065ee00000, 0x000000065ee00000| Complete 
| 433|0x000000065ef00000, 0x000000065f000000, 0x000000065f000000|100%| E|CS|TAMS 0x000000065ef00000, 0x000000065ef00000| Complete 
| 434|0x000000065f000000, 0x000000065f100000, 0x000000065f100000|100%| E|CS|TAMS 0x000000065f000000, 0x000000065f000000| Complete 
| 435|0x000000065f100000, 0x000000065f200000, 0x000000065f200000|100%| E|CS|TAMS 0x000000065f100000, 0x000000065f100000| Complete 
| 436|0x000000065f200000, 0x000000065f300000, 0x000000065f300000|100%| E|CS|TAMS 0x000000065f200000, 0x000000065f200000| Complete 
| 437|0x000000065f300000, 0x000000065f400000, 0x000000065f400000|100%| E|CS|TAMS 0x000000065f300000, 0x000000065f300000| Complete 
| 438|0x000000065f400000, 0x000000065f500000, 0x000000065f500000|100%| E|CS|TAMS 0x000000065f400000, 0x000000065f400000| Complete 
| 439|0x000000065f500000, 0x000000065f600000, 0x000000065f600000|100%| E|CS|TAMS 0x000000065f500000, 0x000000065f500000| Complete 
| 440|0x000000065f600000, 0x000000065f700000, 0x000000065f700000|100%| E|CS|TAMS 0x000000065f600000, 0x000000065f600000| Complete 
| 441|0x000000065f700000, 0x000000065f800000, 0x000000065f800000|100%| E|CS|TAMS 0x000000065f700000, 0x000000065f700000| Complete 
| 442|0x000000065f800000, 0x000000065f900000, 0x000000065f900000|100%| E|CS|TAMS 0x000000065f800000, 0x000000065f800000| Complete 
| 443|0x000000065f900000, 0x000000065fa00000, 0x000000065fa00000|100%| E|CS|TAMS 0x000000065f900000, 0x000000065f900000| Complete 
| 444|0x000000065fa00000, 0x000000065fb00000, 0x000000065fb00000|100%| E|CS|TAMS 0x000000065fa00000, 0x000000065fa00000| Complete 
| 445|0x000000065fb00000, 0x000000065fc00000, 0x000000065fc00000|100%| E|CS|TAMS 0x000000065fb00000, 0x000000065fb00000| Complete 

Card table byte_map: [0x00000225f9b30000,0x00000225fa920000] _byte_map_base: 0x00000225f6911000

Marking Bits (Prev, Next): (CMBitMap*) 0x00000225efd98ea0, (CMBitMap*) 0x00000225efd98e68
 Prev Bits: [0x0000022595f10000, 0x000002259ce18000)
 Next Bits: [0x000002258f000000, 0x0000022595f08000)

Polling page: 0x00000225edbf0000

Metaspace:

Usage:
  Non-class:     27.62 MB capacity,    27.15 MB ( 98%) used,   429.00 KB (  2%) free+waste,    57.25 KB ( <1%) overhead. 
      Class:      3.45 MB capacity,     3.19 MB ( 93%) used,   237.02 KB (  7%) free+waste,    24.31 KB ( <1%) overhead. 
       Both:     31.07 MB capacity,    30.34 MB ( 98%) used,   666.02 KB (  2%) free+waste,    81.56 KB ( <1%) overhead. 

Virtual space:
  Non-class space:       28.00 MB reserved,      27.67 MB ( 99%) committed 
      Class space:        1.00 GB reserved,       3.50 MB ( <1%) committed 
             Both:        1.03 GB reserved,      31.17 MB (  3%) committed 

Chunk freelists:
   Non-Class:  48.00 KB
       Class:  23.00 KB
        Both:  71.00 KB

MaxMetaspaceSize: 17179869184.00 GB
CompressedClassSpaceSize: 1.00 GB
Initial GC threshold: 20.80 MB
Current GC threshold: 35.08 MB
CDS: off

CodeHeap 'non-profiled nmethods': size=119168Kb used=3019Kb max_used=3019Kb free=116148Kb
 bounds [0x0000022587ba0000, 0x0000022587ea0000, 0x000002258f000000]
CodeHeap 'profiled nmethods': size=119168Kb used=12789Kb max_used=12789Kb free=106378Kb
 bounds [0x0000022580740000, 0x00000225813c0000, 0x0000022587ba0000]
CodeHeap 'non-nmethods': size=7424Kb used=2335Kb max_used=2973Kb free=5088Kb
 bounds [0x0000022580000000, 0x00000225802f0000, 0x0000022580740000]
 total_blobs=5800 nmethods=5335 adapters=374
 compilation: enabled
              stopped_count=0, restarted_count=0
 full_count=0

Compilation events (20 events):
Event: 4.738 Thread 0x00000225feae8000 nmethod 5292 0x000002258139aa90 code [0x000002258139ac80, 0x000002258139af98]
Event: 4.749 Thread 0x00000225fed6b800 5293       3       com.sun.tools.javac.file.CacheFSInfo::getEntry (76 bytes)
Event: 4.749 Thread 0x00000225fed6b800 nmethod 5293 0x000002258139b010 code [0x000002258139b2a0, 0x000002258139bf98]
Event: 4.752 Thread 0x00000225fed6e000 5294       3       java.util.Hashtable::<init> (114 bytes)
Event: 4.753 Thread 0x00000225fed6e000 nmethod 5294 0x000002258139c490 code [0x000002258139c840, 0x000002258139ddd8]
Event: 4.777 Thread 0x00000225febe9800 5295       3       sun.nio.fs.WindowsPath::getNameCount (10 bytes)
Event: 4.777 Thread 0x00000225febe9800 nmethod 5295 0x000002258139e490 code [0x000002258139e640, 0x000002258139e788]
Event: 4.819 Thread 0x00000225feae8000 5296       3       sun.nio.fs.WindowsPath::isEmpty (8 bytes)
Event: 4.819 Thread 0x00000225feae8000 nmethod 5296 0x000002258139e890 code [0x000002258139ea40, 0x000002258139ec18]
Event: 4.833 Thread 0x00000225fed6b800 5297       3       java.util.zip.ZipFile$Source::checkExtraFields (161 bytes)
Event: 4.833 Thread 0x00000225febd6800 5298       4       java.util.zip.ZipUtils::get16 (21 bytes)
Event: 4.834 Thread 0x00000225febd6800 nmethod 5298 0x0000022587e90e90 code [0x0000022587e91020, 0x0000022587e910b8]
Event: 4.834 Thread 0x00000225fed6b800 nmethod 5297 0x000002258139ed10 code [0x000002258139f0e0, 0x00000225813a0dd8]
Event: 4.836 Thread 0x00000225fed6e000 5299       3       sun.nio.fs.WindowsFileAttributes::isDirectory (25 bytes)
Event: 4.836 Thread 0x00000225fed6e000 nmethod 5299 0x00000225813a1990 code [0x00000225813a1b40, 0x00000225813a1db8]
Event: 4.864 Thread 0x00000225febe9800 5300       3       sun.nio.fs.WindowsPath::getFileName (87 bytes)
Event: 4.865 Thread 0x00000225febe9800 nmethod 5300 0x00000225813a1e90 code [0x00000225813a2140, 0x00000225813a2e08]
Event: 4.865 Thread 0x00000225feae8000 5301       3       java.util.Hashtable::<init> (9 bytes)
Event: 4.865 Thread 0x00000225febd6800 5302 % !   4       java.util.jar.Attributes::read @ 155 (354 bytes)
Event: 4.866 Thread 0x00000225feae8000 nmethod 5301 0x00000225813a3290 code [0x00000225813a3460, 0x00000225813a35a8]

GC Heap History (8 events):
Event: 0.769 GC heap before
{Heap before GC invocations=0 (full 0):
 garbage-first heap   total 456704K, used 23552K [0x0000000643e00000, 0x0000000800000000)
  region size 1024K, 24 young (24576K), 0 survivors (0K)
 Metaspace       used 14083K, capacity 14427K, committed 14592K, reserved 1062912K
  class space    used 1394K, capacity 1490K, committed 1536K, reserved 1048576K
}
Event: 0.773 GC heap after
{Heap after GC invocations=1 (full 0):
 garbage-first heap   total 456704K, used 4003K [0x0000000643e00000, 0x0000000800000000)
  region size 1024K, 3 young (3072K), 3 survivors (3072K)
 Metaspace       used 14083K, capacity 14427K, committed 14592K, reserved 1062912K
  class space    used 1394K, capacity 1490K, committed 1536K, reserved 1048576K
}
Event: 1.620 GC heap before
{Heap before GC invocations=1 (full 0):
 garbage-first heap   total 456704K, used 54179K [0x0000000643e00000, 0x0000000800000000)
  region size 1024K, 53 young (54272K), 3 survivors (3072K)
 Metaspace       used 20746K, capacity 21062K, committed 21296K, reserved 1069056K
  class space    used 2193K, capacity 2308K, committed 2432K, reserved 1048576K
}
Event: 1.630 GC heap after
{Heap after GC invocations=2 (full 0):
 garbage-first heap   total 456704K, used 7075K [0x0000000643e00000, 0x0000000800000000)
  region size 1024K, 6 young (6144K), 6 survivors (6144K)
 Metaspace       used 20746K, capacity 21062K, committed 21296K, reserved 1069056K
  class space    used 2193K, capacity 2308K, committed 2432K, reserved 1048576K
}
Event: 2.679 GC heap before
{Heap before GC invocations=3 (full 0):
 garbage-first heap   total 456704K, used 58275K [0x0000000643e00000, 0x0000000800000000)
  region size 1024K, 56 young (57344K), 6 survivors (6144K)
 Metaspace       used 25114K, capacity 25716K, committed 25904K, reserved 1073152K
  class space    used 2651K, capacity 2835K, committed 2944K, reserved 1048576K
}
Event: 2.685 GC heap after
{Heap after GC invocations=4 (full 0):
 garbage-first heap   total 456704K, used 11813K [0x0000000643e00000, 0x0000000800000000)
  region size 1024K, 7 young (7168K), 7 survivors (7168K)
 Metaspace       used 25114K, capacity 25716K, committed 25904K, reserved 1073152K
  class space    used 2651K, capacity 2835K, committed 2944K, reserved 1048576K
}
Event: 3.743 GC heap before
{Heap before GC invocations=4 (full 0):
 garbage-first heap   total 456704K, used 83493K [0x0000000643e00000, 0x0000000800000000)
  region size 1024K, 77 young (78848K), 7 survivors (7168K)
 Metaspace       used 26059K, capacity 26654K, committed 26928K, reserved 1073152K
  class space    used 2674K, capacity 2845K, committed 2944K, reserved 1048576K
}
Event: 3.750 GC heap after
{Heap after GC invocations=5 (full 0):
 garbage-first heap   total 456704K, used 20275K [0x0000000643e00000, 0x0000000800000000)
  region size 1024K, 10 young (10240K), 10 survivors (10240K)
 Metaspace       used 26059K, capacity 26654K, committed 26928K, reserved 1073152K
  class space    used 2674K, capacity 2845K, committed 2944K, reserved 1048576K
}

Deoptimization events (20 events):
Event: 4.403 Thread 0x00000225efcfc800 Uncommon trap: trap_request=0xffffff4d fr.pc=0x0000022587c53ff0 relative=0x0000000000001030
Event: 4.403 Thread 0x00000225efcfc800 Uncommon trap: reason=unstable_if action=reinterpret pc=0x0000022587c53ff0 method=jdk.internal.jimage.BasicImageReader.findLocation(Ljava/lang/String;Ljava/lang/String;)Ljdk/internal/jimage/ImageLocation; @ 96 c2
Event: 4.403 Thread 0x00000225efcfc800 DEOPT PACKING pc=0x0000022587c53ff0 sp=0x000000dc6f1f9960
Event: 4.403 Thread 0x00000225efcfc800 DEOPT UNPACKING pc=0x00000225800085af sp=0x000000dc6f1f9890 mode 2
Event: 4.485 Thread 0x00000225efcfc800 Uncommon trap: trap_request=0xffffff76 fr.pc=0x0000022587e8763c relative=0x0000000000000dbc
Event: 4.485 Thread 0x00000225efcfc800 Uncommon trap: reason=loop_limit_check action=maybe_recompile pc=0x0000022587e8763c method=org.codehaus.plexus.util.SelectorUtils.match([C[CZ)Z @ 498 c2
Event: 4.485 Thread 0x00000225efcfc800 DEOPT PACKING pc=0x0000022587e8763c sp=0x000000dc6f1fccd0
Event: 4.485 Thread 0x00000225efcfc800 DEOPT UNPACKING pc=0x00000225800085af sp=0x000000dc6f1fcc70 mode 2
Event: 4.551 Thread 0x00000225efcfc800 Uncommon trap: trap_request=0xffffff4d fr.pc=0x0000022587c2514c relative=0x00000000000000ac
Event: 4.551 Thread 0x00000225efcfc800 Uncommon trap: reason=unstable_if action=reinterpret pc=0x0000022587c2514c method=java.util.regex.ASCII.isType(II)Z @ 6 c2
Event: 4.551 Thread 0x00000225efcfc800 DEOPT PACKING pc=0x0000022587c2514c sp=0x000000dc6f1fbad0
Event: 4.551 Thread 0x00000225efcfc800 DEOPT UNPACKING pc=0x00000225800085af sp=0x000000dc6f1fb938 mode 2
Event: 4.639 Thread 0x00000225efcfc800 Uncommon trap: trap_request=0xffffff4d fr.pc=0x0000022587c4bf84 relative=0x0000000000001044
Event: 4.639 Thread 0x00000225efcfc800 Uncommon trap: reason=unstable_if action=reinterpret pc=0x0000022587c4bf84 method=jdk.internal.jimage.BasicImageReader.findLocation(Ljava/lang/String;Ljava/lang/String;)Ljdk/internal/jimage/ImageLocation; @ 96 c2
Event: 4.639 Thread 0x00000225efcfc800 DEOPT PACKING pc=0x0000022587c4bf84 sp=0x000000dc6f1f90b0
Event: 4.639 Thread 0x00000225efcfc800 DEOPT UNPACKING pc=0x00000225800085af sp=0x000000dc6f1f8f58 mode 2
Event: 4.640 Thread 0x00000225efcfc800 Uncommon trap: trap_request=0xffffff7e fr.pc=0x0000022587ca91a4 relative=0x00000000000007e4
Event: 4.640 Thread 0x00000225efcfc800 Uncommon trap: reason=predicate action=maybe_recompile pc=0x0000022587ca91a4 method=java.util.TimSort.binarySort([Ljava/lang/Object;IIILjava/util/Comparator;)V @ 34 c2
Event: 4.640 Thread 0x00000225efcfc800 DEOPT PACKING pc=0x0000022587ca91a4 sp=0x000000dc6f1fa9f0
Event: 4.640 Thread 0x00000225efcfc800 DEOPT UNPACKING pc=0x00000225800085af sp=0x000000dc6f1fa9b0 mode 2

Classes redefined (0 events):
No events

Internal exceptions (20 events):
Event: 1.461 Thread 0x00000225efcfc800 Exception <a 'java/lang/NoSuchMethodError'{0x000000065cd88460}: 'void java.lang.invoke.DirectMethodHandle$Holder.invokeStaticInit(java.lang.Object, java.lang.Object, java.lang.Object)'> (0x000000065cd88460) thrown at [s\src\hotspot\share\interpreter\linkResolver.cpp, line 773]
Event: 1.492 Thread 0x00000225efcfc800 Implicit null exception at 0x0000022587c37771 to 0x0000022587c37950
Event: 1.492 Thread 0x00000225efcfc800 Exception <a 'java/lang/NoSuchMethodError'{0x000000065ccca440}: 'java.lang.Object java.lang.invoke.DirectMethodHandle$Holder.newInvokeSpecial(java.lang.Object, int)'> (0x000000065ccca440) thrown at [s\src\hotspot\share\interpreter\linkResolver.cpp, line 773]
Event: 1.494 Thread 0x00000225efcfc800 Exception <a 'java/lang/NoSuchMethodError'{0x000000065ccd8430}: 'java.lang.Object java.lang.invoke.Invokers$Holder.invokeExact_MT(java.lang.Object, int, java.lang.Object)'> (0x000000065ccd8430) thrown at [s\src\hotspot\share\interpreter\linkResolver.cpp, line 773]
Event: 1.516 Thread 0x00000225efcfc800 Exception <a 'java/lang/NoSuchMethodError'{0x000000065cb4d118}: 'int java.lang.invoke.DirectMethodHandle$Holder.invokeSpecial(java.lang.Object, java.lang.Object, java.lang.Object, java.lang.Object)'> (0x000000065cb4d118) thrown at [s\src\hotspot\share\interpreter\linkResolver.cpp, line 773]
Event: 1.762 Thread 0x00000225efcfc800 Exception <a 'java/lang/NoClassDefFoundError'{0x000000065f5a3b58}: com/google/inject/servlet/ServletModuleTargetVisitor> (0x000000065f5a3b58) thrown at [s\src\hotspot\share\classfile\systemDictionary.cpp, line 219]
Event: 1.762 Thread 0x00000225efcfc800 Exception <a 'java/lang/NoClassDefFoundError'{0x000000065f5a3b58}> (0x000000065f5a3b58) thrown at [s\src\hotspot\share\prims\jvm.cpp, line 1310]
Event: 1.814 Thread 0x00000225efcfc800 Exception <a 'java/lang/NoSuchMethodError'{0x000000065f24db38}: 'void java.lang.invoke.DirectMethodHandle$Holder.invokeVirtual(java.lang.Object, java.lang.Object)'> (0x000000065f24db38) thrown at [s\src\hotspot\share\interpreter\linkResolver.cpp, line 773]
Event: 1.830 Thread 0x00000225efcfc800 Exception <a 'java/lang/NoSuchMethodError'{0x000000065f2cfd88}: 'java.lang.Object java.lang.invoke.DirectMethodHandle$Holder.invokeStaticInit(java.lang.Object, int, int, int, int)'> (0x000000065f2cfd88) thrown at [s\src\hotspot\share\interpreter\linkResolver.cpp, line 773]
Event: 1.953 Thread 0x00000225efcfc800 Implicit null exception at 0x0000022587bcff74 to 0x0000022587bd048c
Event: 2.461 Thread 0x00000225efcfc800 Implicit null exception at 0x0000022587d0d1bc to 0x0000022587d0d420
Event: 2.462 Thread 0x00000225efcfc800 Implicit null exception at 0x0000022587c8dc53 to 0x0000022587c8dd48
Event: 2.462 Thread 0x00000225efcfc800 Implicit null exception at 0x0000022587c710f5 to 0x0000022587c712c4
Event: 2.462 Thread 0x00000225efcfc800 Implicit null exception at 0x0000022587c65d78 to 0x0000022587c65e0a
Event: 3.572 Thread 0x00000225efcfc800 Implicit null exception at 0x0000022587baf82f to 0x0000022587baf8a9
Event: 3.671 Thread 0x00000225efcfc800 Exception <a 'java/lang/NoSuchMethodError'{0x000000065b13e730}: 'java.lang.Object java.lang.invoke.Invokers$Holder.linkToTargetMethod(java.lang.Object, java.lang.Object, java.lang.Object, java.lang.Object, java.lang.Object, java.lang.Object, java.lang.Object)'> (0x000000065b13e730) thrown at [s\src\hotspot\share\interpreter\linkResolver.cpp, line 773]
Event: 4.194 Thread 0x00000225efcfc800 Exception <a 'java/lang/NoSuchMethodError'{0x000000065e305ed8}: 'java.lang.Object java.lang.invoke.DirectMethodHandle$Holder.invokeVirtual(java.lang.Object, java.lang.Object, java.lang.Object)'> (0x000000065e305ed8) thrown at [s\src\hotspot\share\interpreter\linkResolver.cpp, line 773]
Event: 4.194 Thread 0x00000225efcfc800 Exception <a 'java/lang/NoSuchMethodError'{0x000000065e30cc30}: 'void java.lang.invoke.DirectMethodHandle$Holder.invokeSpecial(java.lang.Object, java.lang.Object, java.lang.Object, java.lang.Object, java.lang.Object, java.lang.Object)'> (0x000000065e30cc30) thrown at [s\src\hotspot\share\interpreter\linkResolver.cpp, line 773]
Event: 4.195 Thread 0x00000225efcfc800 Exception <a 'java/lang/NoSuchMethodError'{0x000000065e317e30}: 'int java.lang.invoke.DirectMethodHandle$Holder.invokeVirtual(java.lang.Object, java.lang.Object)'> (0x000000065e317e30) thrown at [s\src\hotspot\share\interpreter\linkResolver.cpp, line 773]
Event: 4.634 Thread 0x00000225efcfc800 Exception <a 'sun/nio/fs/WindowsException'{0x000000065d4993b8}> (0x000000065d4993b8) thrown at [s\src\hotspot\share\prims\jni.cpp, line 617]

Events (20 events):
Event: 4.638 loading class java/nio/file/DirectoryStream$Filter
Event: 4.638 loading class java/nio/file/DirectoryStream$Filter done
Event: 4.638 loading class jdk/internal/jrtfs/JrtFileSystemProvider
Event: 4.639 loading class jdk/internal/jrtfs/JrtFileSystemProvider done
Event: 4.639 loading class sun/net/www/protocol/jrt/JavaRuntimeURLConnection
Event: 4.639 loading class sun/net/www/protocol/jrt/JavaRuntimeURLConnection done
Event: 4.640 loading class sun/net/www/protocol/jrt/JavaRuntimeURLConnection$1
Event: 4.640 loading class sun/net/www/protocol/jrt/JavaRuntimeURLConnection$1 done
Event: 4.640 loading class jdk/internal/jimage/ImageBufferCache
Event: 4.640 loading class jdk/internal/jimage/ImageBufferCache done
Event: 4.640 loading class jdk/internal/jimage/ImageBufferCache$1
Event: 4.640 loading class jdk/internal/jimage/ImageBufferCache$1 done
Event: 4.640 loading class jdk/internal/jimage/ImageBufferCache$2
Event: 4.640 loading class jdk/internal/jimage/ImageBufferCache$2 done
Event: 4.640 loading class jdk/internal/jimage/ImageBufferCache$BufferReference
Event: 4.640 loading class jdk/internal/jimage/ImageBufferCache$BufferReference done
Event: 4.652 Loaded shared library D:\Java\jdk-11\bin\zip.dll
Event: 4.674 Thread 0x00000225ff845800 Thread exited: 0x00000225ff845800
Event: 4.819 Thread 0x00000225fed83800 Thread exited: 0x00000225fed83800
Event: 4.833 Thread 0x00000225fed81000 Thread exited: 0x00000225fed81000


Dynamic libraries:
0x00007ff6f1b80000 - 0x00007ff6f1b8e000 	D:\Java\jdk-11\bin\java.exe
0x00007ff8075e0000 - 0x00007ff807847000 	C:\WINDOWS\SYSTEM32\ntdll.dll
0x00007ff806400000 - 0x00007ff8064c9000 	C:\WINDOWS\System32\KERNEL32.DLL
0x00007ff804bf0000 - 0x00007ff804fe1000 	C:\WINDOWS\System32\KERNELBASE.dll
0x00007ff8050b0000 - 0x00007ff8051fb000 	C:\WINDOWS\System32\ucrtbase.dll
0x00007ffff0f90000 - 0x00007ffff0fae000 	D:\Java\jdk-11\bin\VCRUNTIME140.dll
0x00007ffff2740000 - 0x00007ffff2757000 	D:\Java\jdk-11\bin\jli.dll
0x00007ff806c60000 - 0x00007ff806e25000 	C:\WINDOWS\System32\USER32.dll
0x00007ff803ec0000 - 0x00007ff803ee7000 	C:\WINDOWS\System32\win32u.dll
0x00007ff806c30000 - 0x00007ff806c5b000 	C:\WINDOWS\System32\GDI32.dll
0x00007fffe4400000 - 0x00007fffe4693000 	C:\WINDOWS\WinSxS\amd64_microsoft.windows.common-controls_6595b64144ccf1df_6.0.26100.8037_none_3e092faae333b53b\COMCTL32.dll
0x00007ff803f80000 - 0x00007ff8040ab000 	C:\WINDOWS\System32\gdi32full.dll
0x00007ff8069f0000 - 0x00007ff806a99000 	C:\WINDOWS\System32\msvcrt.dll
0x00007ff8042d0000 - 0x00007ff804373000 	C:\WINDOWS\System32\msvcp_win.dll
0x00007ff805f30000 - 0x00007ff805f61000 	C:\WINDOWS\System32\IMM32.DLL
0x00007ffff27f0000 - 0x00007ffff27fc000 	D:\Java\jdk-11\bin\vcruntime140_1.dll
0x00007fffe1140000 - 0x00007fffe11cd000 	D:\Java\jdk-11\bin\msvcp140.dll
0x00007ffefe040000 - 0x00007ffefec02000 	D:\Java\jdk-11\bin\server\jvm.dll
0x00007ff805730000 - 0x00007ff8057eb000 	C:\WINDOWS\System32\ADVAPI32.dll
0x00007ff806350000 - 0x00007ff8063f7000 	C:\WINDOWS\System32\sechost.dll
0x00007ff806230000 - 0x00007ff806348000 	C:\WINDOWS\System32\RPCRT4.dll
0x00007ff806bb0000 - 0x00007ff806c24000 	C:\WINDOWS\System32\WS2_32.dll
0x00007ff805f70000 - 0x00007ff805f78000 	C:\WINDOWS\System32\PSAPI.DLL
0x00007ffff6440000 - 0x00007ffff644b000 	C:\WINDOWS\SYSTEM32\VERSION.dll
0x00007ffff6780000 - 0x00007ffff67b5000 	C:\WINDOWS\SYSTEM32\WINMM.dll
0x00007ff802d70000 - 0x00007ff802d8b000 	C:\WINDOWS\SYSTEM32\kernel.appcore.dll
0x00007ffff2920000 - 0x00007ffff2930000 	D:\Java\jdk-11\bin\verify.dll
0x00007ff801ed0000 - 0x00007ff802112000 	C:\WINDOWS\SYSTEM32\DBGHELP.DLL
0x00007ff805380000 - 0x00007ff805702000 	C:\WINDOWS\System32\combase.dll
0x00007ff805d50000 - 0x00007ff805e27000 	C:\WINDOWS\System32\OLEAUT32.dll
0x00007fffeea90000 - 0x00007fffeeacb000 	C:\WINDOWS\SYSTEM32\dbgcore.DLL
0x00007ff8040b0000 - 0x00007ff804155000 	C:\WINDOWS\System32\bcryptPrimitives.dll
0x00007ffff28f0000 - 0x00007ffff2918000 	D:\Java\jdk-11\bin\java.dll
0x00007ffff28e0000 - 0x00007ffff28ea000 	D:\Java\jdk-11\bin\jimage.dll
0x00007ffffe9c0000 - 0x00007ffffe9ce000 	D:\Java\jdk-11\bin\instrument.dll
0x00007ffff0ec0000 - 0x00007ffff0ed8000 	D:\Java\jdk-11\bin\zip.dll
0x00007ff806e30000 - 0x00007ff80758f000 	C:\WINDOWS\System32\SHELL32.dll
0x00007ff804160000 - 0x00007ff8042ca000 	C:\WINDOWS\System32\wintypes.dll
0x00007ff804380000 - 0x00007ff804be4000 	C:\WINDOWS\System32\windows.storage.dll
0x00007ff805e30000 - 0x00007ff805f27000 	C:\WINDOWS\System32\SHCORE.dll
0x00007ff805ce0000 - 0x00007ff805d47000 	C:\WINDOWS\System32\shlwapi.dll
0x00007ff803de0000 - 0x00007ff803e09000 	C:\WINDOWS\SYSTEM32\profapi.dll
0x00007ffff0ea0000 - 0x00007ffff0eb9000 	D:\Java\jdk-11\bin\net.dll
0x00007ffffe720000 - 0x00007ffffe847000 	C:\WINDOWS\SYSTEM32\WINHTTP.dll
0x00007ff8032e0000 - 0x00007ff80334b000 	C:\WINDOWS\system32\mswsock.dll
0x00007ffff0e80000 - 0x00007ffff0e93000 	D:\Java\jdk-11\bin\nio.dll
0x00007fffe2350000 - 0x00007fffe236a000 	D:\IDEA\IntelliJ IDEA Community Edition 2023.3.8\bin\breakgen64.dll
0x0000000069ac0000 - 0x0000000069ae4000 	C:\Users\13686\AppData\Local\Temp\jansi-2.4.0-6604d3d7d585f2f1-jansi.dll

dbghelp: loaded successfully - version: 4.0.5 - missing functions: none
symbol engine: initialized successfully - sym options: 0x614 - pdb path: .;D:\Java\jdk-11\bin;C:\WINDOWS\SYSTEM32;C:\WINDOWS\WinSxS\amd64_microsoft.windows.common-controls_6595b64144ccf1df_6.0.26100.8037_none_3e092faae333b53b;D:\Java\jdk-11\bin\server;D:\IDEA\IntelliJ IDEA Community Edition 2023.3.8\bin;C:\Users\13686\AppData\Local\Temp

VM Arguments:
jvm_args: -Dmaven.multiModuleProjectDirectory=D:\callcar_text\idea-project\travel -Djansi.passthrough=true -Dmaven.home=D:\IDEA\IntelliJ IDEA Community Edition 2023.3.8\plugins\maven\lib\maven3 -Dclassworlds.conf=D:\IDEA\IntelliJ IDEA Community Edition 2023.3.8\plugins\maven\lib\maven3\bin\m2.conf -Dmaven.ext.class.path=D:\IDEA\IntelliJ IDEA Community Edition 2023.3.8\plugins\maven\lib\maven-event-listener.jar -javaagent:D:\IDEA\IntelliJ IDEA Community Edition 2023.3.8\lib\idea_rt.jar=59228:D:\IDEA\IntelliJ IDEA Community Edition 2023.3.8\bin -Dfile.encoding=UTF-8 
java_command: org.codehaus.classworlds.Launcher -Didea.version=2023.3.8 spring-boot:run -Dspring-boot.run.jvmArguments=-Xmx128m -Dspring.datasource.password=0705106042
java_class_path (initial): D:\IDEA\IntelliJ IDEA Community Edition 2023.3.8\plugins\maven\lib\maven3\boot\plexus-classworlds-2.7.0.jar;D:\IDEA\IntelliJ IDEA Community Edition 2023.3.8\plugins\maven\lib\maven3\boot\plexus-classworlds.license
Launcher Type: SUN_STANDARD

[Global flags]
     intx CICompilerCount                          = 12                                        {product} {ergonomic}
     uint ConcGCThreads                            = 3                                         {product} {ergonomic}
     uint G1ConcRefinementThreads                  = 13                                        {product} {ergonomic}
   size_t G1HeapRegionSize                         = 1048576                                   {product} {ergonomic}
    uintx GCDrainStackTargetSize                   = 64                                        {product} {ergonomic}
   size_t InitialHeapSize                          = 467664896                                 {product} {ergonomic}
   size_t MarkStackSize                            = 4194304                                   {product} {ergonomic}
   size_t MaxHeapSize                              = 7451181056                                {product} {ergonomic}
   size_t MaxNewSize                               = 4470079488                                {product} {ergonomic}
   size_t MinHeapDeltaBytes                        = 1048576                                   {product} {ergonomic}
    uintx NonNMethodCodeHeapSize                   = 7594288                                {pd product} {ergonomic}
    uintx NonProfiledCodeHeapSize                  = 122031976                              {pd product} {ergonomic}
    uintx ProfiledCodeHeapSize                     = 122031976                              {pd product} {ergonomic}
    uintx ReservedCodeCacheSize                    = 251658240                              {pd product} {ergonomic}
     bool SegmentedCodeCache                       = true                                      {product} {ergonomic}
     bool UseCompressedClassPointers               = true                                 {lp64_product} {ergonomic}
     bool UseCompressedOops                        = true                                 {lp64_product} {ergonomic}
     bool UseG1GC                                  = true                                      {product} {ergonomic}
     bool UseLargePagesIndividualAllocation        = false                                  {pd product} {ergonomic}

Logging:
Log output configuration:
 #0: stdout all=warning uptime,level,tags
 #1: stderr all=off uptime,level,tags

Environment Variables:
JAVA_HOME=D:\Java\jdk-11
PATH=D:\Tools\apache-maven-3.9.12\bin;D:\Java\jdk-17\\bin;D:\mysql_new\mysql-server8.0.28\bin;D:\python\Scripts\;D:\python\;C:\WINDOWS\system32;C:\WINDOWS;C:\WINDOWS\System32\Wbem;C:\WINDOWS\System32\WindowsPowerShell\v1.0\;C:\WINDOWS\System32\OpenSSH\;C:\Program Files\dotnet\;C:\Program Files (x86)\pcsuite\;D:\node.js;D:\node.js\node_global\node_modules;D:\github˛ĺĽţ\Git\cmd;D:\nvm\nvm;D:\nvm\nodejs;D:\Windows Kits\10\Windows Performance Toolkit\;D:\cursor\cursor\resources\app\bin;D:\Redis\;D:\python\python3.12.10\Scripts\;D:\python\python3.12.10\;D:\pycharm2023.0208\PyCharm 2023.2.8\bin;;D:\Microsoft VS Code\bin;D:\IDEA\IntelliJ IDEA Community Edition 2023.3.8\bin;
USERNAME=13686
OS=Windows_NT
PROCESSOR_IDENTIFIER=AMD64 Family 25 Model 117 Stepping 2, AuthenticAMD
TMP=C:\Users\13686\AppData\Local\Temp
TEMP=C:\Users\13686\AppData\Local\Temp



---------------  S Y S T E M  ---------------

OS: Windows 11 , 64 bit Build 26100 (10.0.26100.7920)
OS uptime: 0 days 17:26 hours

CPU:total 16 (initial active 16) (16 cores per cpu, 2 threads per core) family 25 model 117 stepping 2 microcode 0xa705205, cmov, cx8, fxsr, mmx, sse, sse2, sse3, ssse3, sse4.1, sse4.2, popcnt, avx, avx2, aes, clmul, erms, mmxext, 3dnowpref, lzcnt, sse4a, ht, tsc, tscinvbit, tscinv, bmi1, bmi2, adx, evex, sha, fma

Memory: 4k page, system-wide physical 28416M (10620M free)
TotalPageFile size 28416M (AvailPageFile size 11M)
current process WorkingSet (physical memory assigned to process): 263M, peak: 280M
current process commit charge ("private bytes"): 612M, peak: 635M

vm_info: OpenJDK 64-Bit Server VM (11.0.30+7) for windows-amd64 JRE (11.0.30+7), built on Jan 21 2026 06:15:59 by "" with MS VC++ 17.7 (VS2022)

END.
